Number of arguments: 2 arguments
Argument List: ['anim.py', '17_08_2022']
https://landsatlook.usgs.gov/stac-server
landsat-c2ard-sr
['landsat-c2l2-sr', 'landsat-c2l2-st', 'landsat-c2ard-st', 'landsat-c2l2alb-bt', 'landsat-c2l3-fsca', 'landsat-c2ard-bt', 'landsat-c2l1', 'landsat-c2l3-ba', 'landsat-c2l2alb-st', 'landsat-c2ard-sr', 'landsat-c2l2alb-sr', 'landsat-c2l2alb-ta', 'landsat-c2l3-dswe', 'landsat-c2ard-ta']
                    id                                                                                                             title
0      landsat-c2l2-sr                                                 Landsat Collection 2 Level-2 UTM Surface Reflectance (SR) Product
1      landsat-c2l2-st                                                 Landsat Collection 2 Level-2 UTM Surface Temperature (ST) Product
2     landsat-c2ard-st                       Landsat Collection 2 Analysis Ready Data (ARD) Level-2 UTM Surface Temperature (ST) Product
3   landsat-c2l2alb-bt                         Landsat Collection 2 Level-2 Albers Top of Atmosphere Brightness Temperature (BT) Product
4    landsat-c2l3-fsca                                          Landsat Collection 2 Level-3 Fractional Snow Covered Area (fSCA) Product
5     landsat-c2ard-bt  Landsat Collection 2 Analysis Ready Data (ARD) Level-2 UTM Top of Atmosphere Brightness Temperature (BT) Product
6         landsat-c2l1                                                                              Landsat Collection 2 Level-1 Product
7      landsat-c2l3-ba                                                             Landsat Collection 2 Level-3 Burned Area (BA) Product
8   landsat-c2l2alb-st                                              Landsat Collection 2 Level-2 Albers Surface Temperature (ST) Product
9     landsat-c2ard-sr                       Landsat Collection 2 Analysis Ready Data (ARD) Level-2 UTM Surface Reflectance (SR) Product
10  landsat-c2l2alb-sr                                              Landsat Collection 2 Level-2 Albers Surface Reflectance (SR) Product
11  landsat-c2l2alb-ta                                    Landsat Collection 2 Level-2 Albers Top of Atmosphere (TA) Reflectance Product
12   landsat-c2l3-dswe                                          Landsat Collection 2 Level-3 Dynamic Surface Water Extent (DSWE) Product
13    landsat-c2ard-ta             Landsat Collection 2 Analysis Ready Data (ARD) Level-2 UTM Top of Atmosphere (TA) Reflectance Product
None 2022-01-01/2022-12-31 99
125 items found
                            product  ... cloud_qa
0  usgs-landsat-ard-collection02-sr  ...      NaN
1  usgs-landsat-ard-collection02-sr  ...      NaN
2  usgs-landsat-ard-collection02-sr  ...      NaN
3  usgs-landsat-ard-collection02-sr  ...      NaN
4  usgs-landsat-ard-collection02-sr  ...      NaN

[5 rows x 17 columns]
Index(['product', 'date', 'grid', 'h', 'v', 'cc', 'fill', 'thumbnail',
       'reduced_resolution_browse', 'blue', 'green', 'red', 'nir08', 'swir16',
       'swir22', 'atmos_opacity', 'cloud_qa'],
      dtype='object')
dict_keys(['datetime', 'platform', 'instruments', 'landsat:grid_horizontal', 'landsat:grid_vertical', 'landsat:grid_region', 'landsat:scene_count', 'eo:cloud_cover', 'landsat:cloud_shadow_cover', 'landsat:snow_ice_cover', 'landsat:fill', 'proj:epsg', 'proj:shape', 'proj:transform', 'proj:wkt2', 'created', 'updated'])
s3://usgs-landsat-ard/collection02/oli-tirs/2022/CU/017/008/LC09_CU_017008_20221231_20230318_02/LC09_CU_017008_20221231_20230318_02_thumb_large.jpeg
s3://usgs-landsat-ard/collection02/oli-tirs/2022/CU/017/008/LC08_CU_017008_20221230_20230114_02/LC08_CU_017008_20221230_20230114_02_thumb_large.jpeg
s3://usgs-landsat-ard/collection02/oli-tirs/2022/CU/017/008/LC09_CU_017008_20221229_20230319_02/LC09_CU_017008_20221229_20230319_02_thumb_large.jpeg
s3://usgs-landsat-ard/collection02/oli-tirs/2022/CU/017/008/LC08_CU_017008_20221214_20221231_02/LC08_CU_017008_20221214_20221231_02_thumb_large.jpeg
s3://usgs-landsat-ard/collection02/oli-tirs/2022/CU/017/008/LC09_CU_017008_20221213_20230414_02/LC09_CU_017008_20221213_20230414_02_thumb_large.jpeg
s3://usgs-landsat-ard/collection02/oli-tirs/2022/CU/017/008/LC08_CU_017008_20221207_20221216_02/LC08_CU_017008_20221207_20221216_02_thumb_large.jpeg
s3://usgs-landsat-ard/collection02/oli-tirs/2022/CU/017/008/LC09_CU_017008_20221206_20230321_02/LC09_CU_017008_20221206_20230321_02_thumb_large.jpeg
s3://usgs-landsat-ard/collection02/oli-tirs/2022/CU/017/008/LC08_CU_017008_20221205_20230116_02/LC08_CU_017008_20221205_20230116_02_thumb_large.jpeg
s3://usgs-landsat-ard/collection02/oli-tirs/2022/CU/017/008/LC08_CU_017008_20221128_20221209_02/LC08_CU_017008_20221128_20221209_02_thumb_large.jpeg
s3://usgs-landsat-ard/collection02/oli-tirs/2022/CU/017/008/LC09_CU_017008_20221127_20230323_02/LC09_CU_017008_20221127_20230323_02_thumb_large.jpeg
s3://usgs-landsat-ard/collection02/oli-tirs/2022/CU/017/008/LC08_CU_017008_20221121_20221202_02/LC08_CU_017008_20221121_20221202_02_thumb_large.jpeg
s3://usgs-landsat-ard/collection02/oli-tirs/2022/CU/017/008/LC09_CU_017008_20221120_20230324_02/LC09_CU_017008_20221120_20230324_02_thumb_large.jpeg
s3://usgs-landsat-ard/collection02/oli-tirs/2022/CU/017/008/LC08_CU_017008_20221119_20221202_02/LC08_CU_017008_20221119_20221202_02_thumb_large.jpeg
s3://usgs-landsat-ard/collection02/oli-tirs/2022/CU/017/008/LC09_CU_017008_20221113_20230325_02/LC09_CU_017008_20221113_20230325_02_thumb_large.jpeg
s3://usgs-landsat-ard/collection02/oli-tirs/2022/CU/017/008/LC08_CU_017008_20221112_20221125_02/LC08_CU_017008_20221112_20221125_02_thumb_large.jpeg
s3://usgs-landsat-ard/collection02/oli-tirs/2022/CU/017/008/LC09_CU_017008_20221111_20230325_02/LC09_CU_017008_20221111_20230325_02_thumb_large.jpeg
s3://usgs-landsat-ard/collection02/oli-tirs/2022/CU/017/008/LC08_CU_017008_20221105_20221118_02/LC08_CU_017008_20221105_20221118_02_thumb_large.jpeg
s3://usgs-landsat-ard/collection02/oli-tirs/2022/CU/017/008/LC09_CU_017008_20221028_20230327_02/LC09_CU_017008_20221028_20230327_02_thumb_large.jpeg
s3://usgs-landsat-ard/collection02/oli-tirs/2022/CU/017/008/LC08_CU_017008_20221027_20221111_02/LC08_CU_017008_20221027_20221111_02_thumb_large.jpeg
s3://usgs-landsat-ard/collection02/oli-tirs/2022/CU/017/008/LC09_CU_017008_20221026_20230327_02/LC09_CU_017008_20221026_20230327_02_thumb_large.jpeg
s3://usgs-landsat-ard/collection02/oli-tirs/2022/CU/017/008/LC08_CU_017008_20221020_20221104_02/LC08_CU_017008_20221020_20221104_02_thumb_large.jpeg
s3://usgs-landsat-ard/collection02/oli-tirs/2022/CU/017/008/LC09_CU_017008_20221019_20230328_02/LC09_CU_017008_20221019_20230328_02_thumb_large.jpeg
s3://usgs-landsat-ard/collection02/oli-tirs/2022/CU/017/008/LC08_CU_017008_20221018_20221104_02/LC08_CU_017008_20221018_20221104_02_thumb_large.jpeg
s3://usgs-landsat-ard/collection02/oli-tirs/2022/CU/017/008/LC09_CU_017008_20221012_20230329_02/LC09_CU_017008_20221012_20230329_02_thumb_large.jpeg
s3://usgs-landsat-ard/collection02/oli-tirs/2022/CU/017/008/LC08_CU_017008_20221011_20221024_02/LC08_CU_017008_20221011_20221024_02_thumb_large.jpeg
s3://usgs-landsat-ard/collection02/oli-tirs/2022/CU/017/008/LC09_CU_017008_20221010_20230329_02/LC09_CU_017008_20221010_20230329_02_thumb_large.jpeg
s3://usgs-landsat-ard/collection02/oli-tirs/2022/CU/017/008/LC08_CU_017008_20221004_20221016_02/LC08_CU_017008_20221004_20221016_02_thumb_large.jpeg
s3://usgs-landsat-ard/collection02/oli-tirs/2022/CU/017/008/LC09_CU_017008_20221003_20230330_02/LC09_CU_017008_20221003_20230330_02_thumb_large.jpeg
s3://usgs-landsat-ard/collection02/oli-tirs/2022/CU/017/008/LC08_CU_017008_20221002_20221016_02/LC08_CU_017008_20221002_20221016_02_thumb_large.jpeg
s3://usgs-landsat-ard/collection02/oli-tirs/2022/CU/017/008/LC09_CU_017008_20220926_20230331_02/LC09_CU_017008_20220926_20230331_02_thumb_large.jpeg
s3://usgs-landsat-ard/collection02/oli-tirs/2022/CU/017/008/LC08_CU_017008_20220925_20221008_02/LC08_CU_017008_20220925_20221008_02_thumb_large.jpeg
s3://usgs-landsat-ard/collection02/oli-tirs/2022/CU/017/008/LC09_CU_017008_20220924_20230331_02/LC09_CU_017008_20220924_20230331_02_thumb_large.jpeg
s3://usgs-landsat-ard/collection02/oli-tirs/2022/CU/017/008/LC08_CU_017008_20220918_20221002_02/LC08_CU_017008_20220918_20221002_02_thumb_large.jpeg
s3://usgs-landsat-ard/collection02/oli-tirs/2022/CU/017/008/LC08_CU_017008_20220916_20220925_02/LC08_CU_017008_20220916_20220925_02_thumb_large.jpeg
s3://usgs-landsat-ard/collection02/oli-tirs/2022/CU/017/008/LC08_CU_017008_20220909_20220917_02/LC08_CU_017008_20220909_20220917_02_thumb_large.jpeg
s3://usgs-landsat-ard/collection02/oli-tirs/2022/CU/017/008/LC09_CU_017008_20220908_20230402_02/LC09_CU_017008_20220908_20230402_02_thumb_large.jpeg
s3://usgs-landsat-ard/collection02/oli-tirs/2022/CU/017/008/LC08_CU_017008_20220902_20220917_02/LC08_CU_017008_20220902_20220917_02_thumb_large.jpeg
s3://usgs-landsat-ard/collection02/oli-tirs/2022/CU/017/008/LC09_CU_017008_20220901_20230403_02/LC09_CU_017008_20220901_20230403_02_thumb_large.jpeg
s3://usgs-landsat-ard/collection02/oli-tirs/2022/CU/017/008/LC08_CU_017008_20220831_20220913_02/LC08_CU_017008_20220831_20220913_02_thumb_large.jpeg
s3://usgs-landsat-ard/collection02/oli-tirs/2022/CU/017/008/LC09_CU_017008_20220825_20230404_02/LC09_CU_017008_20220825_20230404_02_thumb_large.jpeg
s3://usgs-landsat-ard/collection02/oli-tirs/2022/CU/017/008/LC08_CU_017008_20220824_20220927_02/LC08_CU_017008_20220824_20220927_02_thumb_large.jpeg
s3://usgs-landsat-ard/collection02/oli-tirs/2022/CU/017/008/LC09_CU_017008_20220823_20230402_02/LC09_CU_017008_20220823_20230402_02_thumb_large.jpeg
s3://usgs-landsat-ard/collection02/oli-tirs/2022/CU/017/008/LC08_CU_017008_20220817_20220827_02/LC08_CU_017008_20220817_20220827_02_thumb_large.jpeg
s3://usgs-landsat-ard/collection02/oli-tirs/2022/CU/017/008/LC09_CU_017008_20220816_20230405_02/LC09_CU_017008_20220816_20230405_02_thumb_large.jpeg
s3://usgs-landsat-ard/collection02/oli-tirs/2022/CU/017/008/LC09_CU_017008_20220809_20230406_02/LC09_CU_017008_20220809_20230406_02_thumb_large.jpeg
s3://usgs-landsat-ard/collection02/oli-tirs/2022/CU/017/008/LC08_CU_017008_20220808_20220821_02/LC08_CU_017008_20220808_20220821_02_thumb_large.jpeg
s3://usgs-landsat-ard/collection02/oli-tirs/2022/CU/017/008/LC09_CU_017008_20220807_20230406_02/LC09_CU_017008_20220807_20230406_02_thumb_large.jpeg
s3://usgs-landsat-ard/collection02/oli-tirs/2022/CU/017/008/LC08_CU_017008_20220801_20220809_02/LC08_CU_017008_20220801_20220809_02_thumb_large.jpeg
s3://usgs-landsat-ard/collection02/oli-tirs/2022/CU/017/008/LC09_CU_017008_20220731_20230410_02/LC09_CU_017008_20220731_20230410_02_thumb_large.jpeg
s3://usgs-landsat-ard/collection02/oli-tirs/2022/CU/017/008/LC08_CU_017008_20220730_20220809_02/LC08_CU_017008_20220730_20220809_02_thumb_large.jpeg
s3://usgs-landsat-ard/collection02/oli-tirs/2022/CU/017/008/LC09_CU_017008_20220724_20230410_02/LC09_CU_017008_20220724_20230410_02_thumb_large.jpeg
s3://usgs-landsat-ard/collection02/oli-tirs/2022/CU/017/008/LC08_CU_017008_20220723_20220805_02/LC08_CU_017008_20220723_20220805_02_thumb_large.jpeg
s3://usgs-landsat-ard/collection02/oli-tirs/2022/CU/017/008/LC09_CU_017008_20220722_20230410_02/LC09_CU_017008_20220722_20230410_02_thumb_large.jpeg
s3://usgs-landsat-ard/collection02/oli-tirs/2022/CU/017/008/LC09_CU_017008_20220715_20230410_02/LC09_CU_017008_20220715_20230410_02_thumb_large.jpeg
s3://usgs-landsat-ard/collection02/oli-tirs/2022/CU/017/008/LC08_CU_017008_20220714_20220729_02/LC08_CU_017008_20220714_20220729_02_thumb_large.jpeg
s3://usgs-landsat-ard/collection02/oli-tirs/2022/CU/017/008/LC09_CU_017008_20220708_20230411_02/LC09_CU_017008_20220708_20230411_02_thumb_large.jpeg
s3://usgs-landsat-ard/collection02/oli-tirs/2022/CU/017/008/LC08_CU_017008_20220707_20220725_02/LC08_CU_017008_20220707_20220725_02_thumb_large.jpeg
s3://usgs-landsat-ard/collection02/oli-tirs/2022/CU/017/008/LC09_CU_017008_20220706_20230411_02/LC09_CU_017008_20220706_20230411_02_thumb_large.jpeg
s3://usgs-landsat-ard/collection02/oli-tirs/2022/CU/017/008/LC08_CU_017008_20220630_20220711_02/LC08_CU_017008_20220630_20220711_02_thumb_large.jpeg
s3://usgs-landsat-ard/collection02/oli-tirs/2022/CU/017/008/LC09_CU_017008_20220629_20230412_02/LC09_CU_017008_20220629_20230412_02_thumb_large.jpeg
s3://usgs-landsat-ard/collection02/oli-tirs/2022/CU/017/008/LC08_CU_017008_20220628_20220709_02/LC08_CU_017008_20220628_20220709_02_thumb_large.jpeg
s3://usgs-landsat-ard/collection02/oli-tirs/2022/CU/017/008/LC08_CU_017008_20220621_20220708_02/LC08_CU_017008_20220621_20220708_02_thumb_large.jpeg
s3://usgs-landsat-ard/collection02/oli-tirs/2022/CU/017/008/LC09_CU_017008_20220620_20230414_02/LC09_CU_017008_20220620_20230414_02_thumb_large.jpeg
s3://usgs-landsat-ard/collection02/oli-tirs/2022/CU/017/008/LC08_CU_017008_20220614_20220620_02/LC08_CU_017008_20220614_20220620_02_thumb_large.jpeg
s3://usgs-landsat-ard/collection02/oli-tirs/2022/CU/017/008/LC09_CU_017008_20220613_20230420_02/LC09_CU_017008_20220613_20230420_02_thumb_large.jpeg
s3://usgs-landsat-ard/collection02/oli-tirs/2022/CU/017/008/LC08_CU_017008_20220612_20220620_02/LC08_CU_017008_20220612_20220620_02_thumb_large.jpeg
s3://usgs-landsat-ard/collection02/oli-tirs/2022/CU/017/008/LC09_CU_017008_20220606_20230416_02/LC09_CU_017008_20220606_20230416_02_thumb_large.jpeg
s3://usgs-landsat-ard/collection02/oli-tirs/2022/CU/017/008/LC08_CU_017008_20220605_20220613_02/LC08_CU_017008_20220605_20220613_02_thumb_large.jpeg
s3://usgs-landsat-ard/collection02/oli-tirs/2022/CU/017/008/LC09_CU_017008_20220528_20230416_02/LC09_CU_017008_20220528_20230416_02_thumb_large.jpeg
s3://usgs-landsat-ard/collection02/oli-tirs/2022/CU/017/008/LC08_CU_017008_20220527_20220606_02/LC08_CU_017008_20220527_20220606_02_thumb_large.jpeg
s3://usgs-landsat-ard/collection02/oli-tirs/2022/CU/017/008/LC09_CU_017008_20220519_20230420_02/LC09_CU_017008_20220519_20230420_02_thumb_large.jpeg
s3://usgs-landsat-ard/collection02/oli-tirs/2022/CU/017/008/LC08_CU_017008_20220513_20220522_02/LC08_CU_017008_20220513_20220522_02_thumb_large.jpeg
s3://usgs-landsat-ard/collection02/oli-tirs/2022/CU/017/008/LC09_CU_017008_20220512_20230420_02/LC09_CU_017008_20220512_20230420_02_thumb_large.jpeg
s3://usgs-landsat-ard/collection02/oli-tirs/2022/CU/017/008/LC08_CU_017008_20220511_20220522_02/LC08_CU_017008_20220511_20220522_02_thumb_large.jpeg
s3://usgs-landsat-ard/collection02/oli-tirs/2022/CU/017/008/LC08_CU_017008_20220427_20220507_02/LC08_CU_017008_20220427_20220507_02_thumb_large.jpeg
s3://usgs-landsat-ard/collection02/oli-tirs/2022/CU/017/008/LC09_CU_017008_20220426_20230421_02/LC09_CU_017008_20220426_20230421_02_thumb_large.jpeg
s3://usgs-landsat-ard/collection02/oli-tirs/2022/CU/017/008/LC08_CU_017008_20220425_20220507_02/LC08_CU_017008_20220425_20220507_02_thumb_large.jpeg
s3://usgs-landsat-ard/collection02/oli-tirs/2022/CU/017/008/LC08_CU_017008_20220418_20220501_02/LC08_CU_017008_20220418_20220501_02_thumb_large.jpeg
s3://usgs-landsat-ard/collection02/oli-tirs/2022/CU/017/008/LC09_CU_017008_20220410_20230429_02/LC09_CU_017008_20220410_20230429_02_thumb_large.jpeg
s3://usgs-landsat-ard/collection02/oli-tirs/2022/CU/017/008/LC08_CU_017008_20220409_20220423_02/LC08_CU_017008_20220409_20220423_02_thumb_large.jpeg
s3://usgs-landsat-ard/collection02/oli-tirs/2022/CU/017/008/LC08_CU_017008_20220402_20220415_02/LC08_CU_017008_20220402_20220415_02_thumb_large.jpeg
s3://usgs-landsat-ard/collection02/oli-tirs/2022/CU/017/008/LC09_CU_017008_20220401_20230429_02/LC09_CU_017008_20220401_20230429_02_thumb_large.jpeg
s3://usgs-landsat-ard/collection02/etm/2022/CU/017/008/LE07_CU_017008_20220401_20220501_02/LE07_CU_017008_20220401_20220501_02_thumb_large.jpeg
s3://usgs-landsat-ard/collection02/oli-tirs/2022/CU/017/008/LC08_CU_017008_20220326_20220402_02/LC08_CU_017008_20220326_20220402_02_thumb_large.jpeg
s3://usgs-landsat-ard/collection02/oli-tirs/2022/CU/017/008/LC09_CU_017008_20220325_20230429_02/LC09_CU_017008_20220325_20230429_02_thumb_large.jpeg
s3://usgs-landsat-ard/collection02/etm/2022/CU/017/008/LE07_CU_017008_20220325_20220424_02/LE07_CU_017008_20220325_20220424_02_thumb_large.jpeg
s3://usgs-landsat-ard/collection02/etm/2022/CU/017/008/LE07_CU_017008_20220316_20220415_02/LE07_CU_017008_20220316_20220415_02_thumb_large.jpeg
s3://usgs-landsat-ard/collection02/oli-tirs/2022/CU/017/008/LC09_CU_017008_20220309_20230429_02/LC09_CU_017008_20220309_20230429_02_thumb_large.jpeg
s3://usgs-landsat-ard/collection02/etm/2022/CU/017/008/LE07_CU_017008_20220309_20220408_02/LE07_CU_017008_20220309_20220408_02_thumb_large.jpeg
s3://usgs-landsat-ard/collection02/oli-tirs/2022/CU/017/008/LC08_CU_017008_20220308_20220318_02/LC08_CU_017008_20220308_20220318_02_thumb_large.jpeg
s3://usgs-landsat-ard/collection02/oli-tirs/2022/CU/017/008/LC09_CU_017008_20220302_20230429_02/LC09_CU_017008_20220302_20230429_02_thumb_large.jpeg
s3://usgs-landsat-ard/collection02/etm/2022/CU/017/008/LE07_CU_017008_20220302_20220401_02/LE07_CU_017008_20220302_20220401_02_thumb_large.jpeg
s3://usgs-landsat-ard/collection02/oli-tirs/2022/CU/017/008/LC08_CU_017008_20220301_20220312_02/LC08_CU_017008_20220301_20220312_02_thumb_large.jpeg
s3://usgs-landsat-ard/collection02/oli-tirs/2022/CU/017/008/LC09_CU_017008_20220228_20230429_02/LC09_CU_017008_20220228_20230429_02_thumb_large.jpeg
s3://usgs-landsat-ard/collection02/etm/2022/CU/017/008/LE07_CU_017008_20220228_20220330_02/LE07_CU_017008_20220228_20220330_02_thumb_large.jpeg
s3://usgs-landsat-ard/collection02/oli-tirs/2022/CU/017/008/LC09_CU_017008_20220221_20230430_02/LC09_CU_017008_20220221_20230430_02_thumb_large.jpeg
s3://usgs-landsat-ard/collection02/etm/2022/CU/017/008/LE07_CU_017008_20220221_20220323_02/LE07_CU_017008_20220221_20220323_02_thumb_large.jpeg
s3://usgs-landsat-ard/collection02/oli-tirs/2022/CU/017/008/LC08_CU_017008_20220220_20220305_02/LC08_CU_017008_20220220_20220305_02_thumb_large.jpeg
s3://usgs-landsat-ard/collection02/oli-tirs/2022/CU/017/008/LC09_CU_017008_20220214_20230430_02/LC09_CU_017008_20220214_20230430_02_thumb_large.jpeg
s3://usgs-landsat-ard/collection02/etm/2022/CU/017/008/LE07_CU_017008_20220214_20220316_02/LE07_CU_017008_20220214_20220316_02_thumb_large.jpeg
s3://usgs-landsat-ard/collection02/oli-tirs/2022/CU/017/008/LC08_CU_017008_20220213_20220226_02/LC08_CU_017008_20220213_20220226_02_thumb_large.jpeg
s3://usgs-landsat-ard/collection02/oli-tirs/2022/CU/017/008/LC09_CU_017008_20220212_20230501_02/LC09_CU_017008_20220212_20230501_02_thumb_large.jpeg
s3://usgs-landsat-ard/collection02/etm/2022/CU/017/008/LE07_CU_017008_20220212_20220314_02/LE07_CU_017008_20220212_20220314_02_thumb_large.jpeg
s3://usgs-landsat-ard/collection02/oli-tirs/2022/CU/017/008/LC08_CU_017008_20220206_20220215_02/LC08_CU_017008_20220206_20220215_02_thumb_large.jpeg
s3://usgs-landsat-ard/collection02/oli-tirs/2022/CU/017/008/LC09_CU_017008_20220205_20230502_02/LC09_CU_017008_20220205_20230502_02_thumb_large.jpeg
s3://usgs-landsat-ard/collection02/etm/2022/CU/017/008/LE07_CU_017008_20220205_20220307_02/LE07_CU_017008_20220205_20220307_02_thumb_large.jpeg
s3://usgs-landsat-ard/collection02/oli-tirs/2022/CU/017/008/LC08_CU_017008_20220204_20220215_02/LC08_CU_017008_20220204_20220215_02_thumb_large.jpeg
s3://usgs-landsat-ard/collection02/oli-tirs/2022/CU/017/008/LC09_CU_017008_20220129_20230503_02/LC09_CU_017008_20220129_20230503_02_thumb_large.jpeg
s3://usgs-landsat-ard/collection02/etm/2022/CU/017/008/LE07_CU_017008_20220129_20220228_02/LE07_CU_017008_20220129_20220228_02_thumb_large.jpeg
s3://usgs-landsat-ard/collection02/oli-tirs/2022/CU/017/008/LC08_CU_017008_20220128_20220208_02/LC08_CU_017008_20220128_20220208_02_thumb_large.jpeg
s3://usgs-landsat-ard/collection02/oli-tirs/2022/CU/017/008/LC09_CU_017008_20220127_20230503_02/LC09_CU_017008_20220127_20230503_02_thumb_large.jpeg
s3://usgs-landsat-ard/collection02/etm/2022/CU/017/008/LE07_CU_017008_20220127_20220226_02/LE07_CU_017008_20220127_20220226_02_thumb_large.jpeg
s3://usgs-landsat-ard/collection02/oli-tirs/2022/CU/017/008/LC08_CU_017008_20220121_20220131_02/LC08_CU_017008_20220121_20220131_02_thumb_large.jpeg
s3://usgs-landsat-ard/collection02/oli-tirs/2022/CU/017/008/LC09_CU_017008_20220120_20230504_02/LC09_CU_017008_20220120_20230504_02_thumb_large.jpeg
s3://usgs-landsat-ard/collection02/etm/2022/CU/017/008/LE07_CU_017008_20220120_20220219_02/LE07_CU_017008_20220120_20220219_02_thumb_large.jpeg
s3://usgs-landsat-ard/collection02/oli-tirs/2022/CU/017/008/LC08_CU_017008_20220119_20220131_02/LC08_CU_017008_20220119_20220131_02_thumb_large.jpeg
s3://usgs-landsat-ard/collection02/oli-tirs/2022/CU/017/008/LC09_CU_017008_20220113_20230505_02/LC09_CU_017008_20220113_20230505_02_thumb_large.jpeg
s3://usgs-landsat-ard/collection02/etm/2022/CU/017/008/LE07_CU_017008_20220113_20220212_02/LE07_CU_017008_20220113_20220212_02_thumb_large.jpeg
s3://usgs-landsat-ard/collection02/oli-tirs/2022/CU/017/008/LC08_CU_017008_20220112_20220126_02/LC08_CU_017008_20220112_20220126_02_thumb_large.jpeg
s3://usgs-landsat-ard/collection02/oli-tirs/2022/CU/017/008/LC09_CU_017008_20220111_20230505_02/LC09_CU_017008_20220111_20230505_02_thumb_large.jpeg
s3://usgs-landsat-ard/collection02/etm/2022/CU/017/008/LE07_CU_017008_20220111_20220210_02/LE07_CU_017008_20220111_20220210_02_thumb_large.jpeg
s3://usgs-landsat-ard/collection02/oli-tirs/2022/CU/017/008/LC08_CU_017008_20220105_20220117_02/LC08_CU_017008_20220105_20220117_02_thumb_large.jpeg
s3://usgs-landsat-ard/collection02/oli-tirs/2022/CU/017/008/LC09_CU_017008_20220104_20230507_02/LC09_CU_017008_20220104_20230507_02_thumb_large.jpeg
s3://usgs-landsat-ard/collection02/etm/2022/CU/017/008/LE07_CU_017008_20220104_20220205_02/LE07_CU_017008_20220104_20220205_02_thumb_large.jpeg
s3://usgs-landsat-ard/collection02/oli-tirs/2022/CU/017/008/LC08_CU_017008_20220103_20220117_02/LC08_CU_017008_20220103_20220117_02_thumb_large.jpeg
s3://usgs-landsat-ard/collection02/oli-tirs/2022/CU/017/008/LC09_CU_017008_20221231_20230318_02/LC09_CU_017008_20221231_20230318_02_thumb_large.jpeg
. LC09_CU_017008_20221231_20230318_02_thumb_large.jpeg
. LC09_CU_017008_20221231_20230318_02_thumb_large.jpeg
. LC08_CU_017008_20221230_20230114_02_thumb_large.jpeg
. LC09_CU_017008_20221229_20230319_02_thumb_large.jpeg
. LC08_CU_017008_20221214_20221231_02_thumb_large.jpeg
. LC09_CU_017008_20221213_20230414_02_thumb_large.jpeg
. LC08_CU_017008_20221207_20221216_02_thumb_large.jpeg
. LC09_CU_017008_20221206_20230321_02_thumb_large.jpeg
. LC08_CU_017008_20221205_20230116_02_thumb_large.jpeg
. LC08_CU_017008_20221128_20221209_02_thumb_large.jpeg
. LC09_CU_017008_20221127_20230323_02_thumb_large.jpeg
. LC08_CU_017008_20221121_20221202_02_thumb_large.jpeg
. LC09_CU_017008_20221120_20230324_02_thumb_large.jpeg
. LC08_CU_017008_20221119_20221202_02_thumb_large.jpeg
. LC09_CU_017008_20221113_20230325_02_thumb_large.jpeg
. LC08_CU_017008_20221112_20221125_02_thumb_large.jpeg
. LC09_CU_017008_20221111_20230325_02_thumb_large.jpeg
. LC08_CU_017008_20221105_20221118_02_thumb_large.jpeg
. LC09_CU_017008_20221028_20230327_02_thumb_large.jpeg
. LC08_CU_017008_20221027_20221111_02_thumb_large.jpeg
. LC09_CU_017008_20221026_20230327_02_thumb_large.jpeg
. LC08_CU_017008_20221020_20221104_02_thumb_large.jpeg
. LC09_CU_017008_20221019_20230328_02_thumb_large.jpeg
. LC08_CU_017008_20221018_20221104_02_thumb_large.jpeg
. LC09_CU_017008_20221012_20230329_02_thumb_large.jpeg
. LC08_CU_017008_20221011_20221024_02_thumb_large.jpeg
. LC09_CU_017008_20221010_20230329_02_thumb_large.jpeg
. LC08_CU_017008_20221004_20221016_02_thumb_large.jpeg
. LC09_CU_017008_20221003_20230330_02_thumb_large.jpeg
. LC08_CU_017008_20221002_20221016_02_thumb_large.jpeg
. LC09_CU_017008_20220926_20230331_02_thumb_large.jpeg
. LC08_CU_017008_20220925_20221008_02_thumb_large.jpeg
. LC09_CU_017008_20220924_20230331_02_thumb_large.jpeg
. LC08_CU_017008_20220918_20221002_02_thumb_large.jpeg
. LC08_CU_017008_20220916_20220925_02_thumb_large.jpeg
. LC08_CU_017008_20220909_20220917_02_thumb_large.jpeg
. LC09_CU_017008_20220908_20230402_02_thumb_large.jpeg
. LC08_CU_017008_20220902_20220917_02_thumb_large.jpeg
. LC09_CU_017008_20220901_20230403_02_thumb_large.jpeg
. LC08_CU_017008_20220831_20220913_02_thumb_large.jpeg
. LC09_CU_017008_20220825_20230404_02_thumb_large.jpeg
. LC08_CU_017008_20220824_20220927_02_thumb_large.jpeg
. LC09_CU_017008_20220823_20230402_02_thumb_large.jpeg
. LC08_CU_017008_20220817_20220827_02_thumb_large.jpeg
. LC09_CU_017008_20220816_20230405_02_thumb_large.jpeg
. LC09_CU_017008_20220809_20230406_02_thumb_large.jpeg
. LC08_CU_017008_20220808_20220821_02_thumb_large.jpeg
. LC09_CU_017008_20220807_20230406_02_thumb_large.jpeg
. LC08_CU_017008_20220801_20220809_02_thumb_large.jpeg
. LC09_CU_017008_20220731_20230410_02_thumb_large.jpeg
. LC08_CU_017008_20220730_20220809_02_thumb_large.jpeg
. LC09_CU_017008_20220724_20230410_02_thumb_large.jpeg
. LC08_CU_017008_20220723_20220805_02_thumb_large.jpeg
. LC09_CU_017008_20220722_20230410_02_thumb_large.jpeg
. LC09_CU_017008_20220715_20230410_02_thumb_large.jpeg
. LC08_CU_017008_20220714_20220729_02_thumb_large.jpeg
. LC09_CU_017008_20220708_20230411_02_thumb_large.jpeg
. LC08_CU_017008_20220707_20220725_02_thumb_large.jpeg
. LC09_CU_017008_20220706_20230411_02_thumb_large.jpeg
. LC08_CU_017008_20220630_20220711_02_thumb_large.jpeg
. LC09_CU_017008_20220629_20230412_02_thumb_large.jpeg
. LC08_CU_017008_20220628_20220709_02_thumb_large.jpeg
. LC08_CU_017008_20220621_20220708_02_thumb_large.jpeg
. LC09_CU_017008_20220620_20230414_02_thumb_large.jpeg
. LC08_CU_017008_20220614_20220620_02_thumb_large.jpeg
. LC09_CU_017008_20220613_20230420_02_thumb_large.jpeg
. LC08_CU_017008_20220612_20220620_02_thumb_large.jpeg
. LC09_CU_017008_20220606_20230416_02_thumb_large.jpeg
. LC08_CU_017008_20220605_20220613_02_thumb_large.jpeg
. LC09_CU_017008_20220528_20230416_02_thumb_large.jpeg
. LC08_CU_017008_20220527_20220606_02_thumb_large.jpeg
. LC09_CU_017008_20220519_20230420_02_thumb_large.jpeg
. LC08_CU_017008_20220513_20220522_02_thumb_large.jpeg
. LC09_CU_017008_20220512_20230420_02_thumb_large.jpeg
. LC08_CU_017008_20220511_20220522_02_thumb_large.jpeg
. LC08_CU_017008_20220427_20220507_02_thumb_large.jpeg
. LC09_CU_017008_20220426_20230421_02_thumb_large.jpeg
. LC08_CU_017008_20220425_20220507_02_thumb_large.jpeg
. LC08_CU_017008_20220418_20220501_02_thumb_large.jpeg
. LC09_CU_017008_20220410_20230429_02_thumb_large.jpeg
. LC08_CU_017008_20220409_20220423_02_thumb_large.jpeg
. LC08_CU_017008_20220402_20220415_02_thumb_large.jpeg
. LC09_CU_017008_20220401_20230429_02_thumb_large.jpeg
. LE07_CU_017008_20220401_20220501_02_thumb_large.jpeg
. LC08_CU_017008_20220326_20220402_02_thumb_large.jpeg
. LC09_CU_017008_20220325_20230429_02_thumb_large.jpeg
. LE07_CU_017008_20220325_20220424_02_thumb_large.jpeg
. LE07_CU_017008_20220316_20220415_02_thumb_large.jpeg
. LC09_CU_017008_20220309_20230429_02_thumb_large.jpeg
. LE07_CU_017008_20220309_20220408_02_thumb_large.jpeg
. LC08_CU_017008_20220308_20220318_02_thumb_large.jpeg
. LC09_CU_017008_20220302_20230429_02_thumb_large.jpeg
. LE07_CU_017008_20220302_20220401_02_thumb_large.jpeg
. LC08_CU_017008_20220301_20220312_02_thumb_large.jpeg
. LC09_CU_017008_20220228_20230429_02_thumb_large.jpeg
. LE07_CU_017008_20220228_20220330_02_thumb_large.jpeg
. LC09_CU_017008_20220221_20230430_02_thumb_large.jpeg
. LE07_CU_017008_20220221_20220323_02_thumb_large.jpeg
. LC08_CU_017008_20220220_20220305_02_thumb_large.jpeg
. LC09_CU_017008_20220214_20230430_02_thumb_large.jpeg
. LE07_CU_017008_20220214_20220316_02_thumb_large.jpeg
. LC08_CU_017008_20220213_20220226_02_thumb_large.jpeg
. LC09_CU_017008_20220212_20230501_02_thumb_large.jpeg
. LE07_CU_017008_20220212_20220314_02_thumb_large.jpeg
. LC08_CU_017008_20220206_20220215_02_thumb_large.jpeg
. LC09_CU_017008_20220205_20230502_02_thumb_large.jpeg
. LE07_CU_017008_20220205_20220307_02_thumb_large.jpeg
. LC08_CU_017008_20220204_20220215_02_thumb_large.jpeg
. LC09_CU_017008_20220129_20230503_02_thumb_large.jpeg
. LE07_CU_017008_20220129_20220228_02_thumb_large.jpeg
. LC08_CU_017008_20220128_20220208_02_thumb_large.jpeg
. LC09_CU_017008_20220127_20230503_02_thumb_large.jpeg
. LE07_CU_017008_20220127_20220226_02_thumb_large.jpeg
. LC08_CU_017008_20220121_20220131_02_thumb_large.jpeg
. LC09_CU_017008_20220120_20230504_02_thumb_large.jpeg
. LE07_CU_017008_20220120_20220219_02_thumb_large.jpeg
. LC08_CU_017008_20220119_20220131_02_thumb_large.jpeg
. LC09_CU_017008_20220113_20230505_02_thumb_large.jpeg
. LE07_CU_017008_20220113_20220212_02_thumb_large.jpeg
. LC08_CU_017008_20220112_20220126_02_thumb_large.jpeg
. LC09_CU_017008_20220111_20230505_02_thumb_large.jpeg
. LE07_CU_017008_20220111_20220210_02_thumb_large.jpeg
. LC08_CU_017008_20220105_20220117_02_thumb_large.jpeg
. LC09_CU_017008_20220104_20230507_02_thumb_large.jpeg
. LE07_CU_017008_20220104_20220205_02_thumb_large.jpeg
. LC08_CU_017008_20220103_20220117_02_thumb_large.jpeg
/wspcefs/opt/tony/browse_17_08/LE07_CU_017008_20220302_20220401_02_thumb_large.jpeg
/wspcefs/opt/tony/browse_17_08/LC08_CU_017008_20220808_20220821_02_thumb_large.jpeg
/wspcefs/opt/tony/browse_17_08/LC09_CU_017008_20220325_20230429_02_thumb_large.jpeg
/wspcefs/opt/tony/browse_17_08/LE07_CU_017008_20220113_20220212_02_thumb_large.jpeg
/wspcefs/opt/tony/browse_17_08/LC08_CU_017008_20220730_20220809_02_thumb_large.jpeg
/wspcefs/opt/tony/browse_17_08/LC09_CU_017008_20220807_20230406_02_thumb_large.jpeg
/wspcefs/opt/tony/browse_17_08/LC08_CU_017008_20221002_20221016_02_thumb_large.jpeg
/wspcefs/opt/tony/browse_17_08/LE07_CU_017008_20220228_20220330_02_thumb_large.jpeg
/wspcefs/opt/tony/browse_17_08/LC09_CU_017008_20220620_20230414_02_thumb_large.jpeg
/wspcefs/opt/tony/browse_17_08/LC09_CU_017008_20220104_20230507_02_thumb_large.jpeg
/wspcefs/opt/tony/browse_17_08/LC09_CU_017008_20220901_20230403_02_thumb_large.jpeg
/wspcefs/opt/tony/browse_17_08/LC08_CU_017008_20220909_20220917_02_thumb_large.jpeg
/wspcefs/opt/tony/browse_17_08/LC08_CU_017008_20220418_20220501_02_thumb_large.jpeg
/wspcefs/opt/tony/browse_17_08/LC08_CU_017008_20220614_20220620_02_thumb_large.jpeg
/wspcefs/opt/tony/browse_17_08/LC08_CU_017008_20220105_20220117_02_thumb_large.jpeg
/wspcefs/opt/tony/browse_17_08/LC09_CU_017008_20221120_20230324_02_thumb_large.jpeg
/wspcefs/opt/tony/browse_17_08/LC09_CU_017008_20220111_20230505_02_thumb_large.jpeg
/wspcefs/opt/tony/browse_17_08/LC08_CU_017008_20221214_20221231_02_thumb_large.jpeg
/wspcefs/opt/tony/browse_17_08/LC08_CU_017008_20220425_20220507_02_thumb_large.jpeg
/wspcefs/opt/tony/browse_17_08/LC09_CU_017008_20220519_20230420_02_thumb_large.jpeg
/wspcefs/opt/tony/browse_17_08/LC08_CU_017008_20220308_20220318_02_thumb_large.jpeg
/wspcefs/opt/tony/browse_17_08/LC09_CU_017008_20221026_20230327_02_thumb_large.jpeg
/wspcefs/opt/tony/browse_17_08/LC09_CU_017008_20220708_20230411_02_thumb_large.jpeg
/wspcefs/opt/tony/browse_17_08/LE07_CU_017008_20220111_20220210_02_thumb_large.jpeg
/wspcefs/opt/tony/browse_17_08/LE07_CU_017008_20220104_20220205_02_thumb_large.jpeg
/wspcefs/opt/tony/browse_17_08/LC08_CU_017008_20220112_20220126_02_thumb_large.jpeg
/wspcefs/opt/tony/browse_17_08/LC08_CU_017008_20221230_20230114_02_thumb_large.jpeg
/wspcefs/opt/tony/browse_17_08/LC09_CU_017008_20221229_20230319_02_thumb_large.jpeg
/wspcefs/opt/tony/browse_17_08/LC09_CU_017008_20220228_20230429_02_thumb_large.jpeg
/wspcefs/opt/tony/browse_17_08/LC09_CU_017008_20220309_20230429_02_thumb_large.jpeg
/wspcefs/opt/tony/browse_17_08/LC08_CU_017008_20220103_20220117_02_thumb_large.jpeg
/wspcefs/opt/tony/browse_17_08/LC08_CU_017008_20221004_20221016_02_thumb_large.jpeg
/wspcefs/opt/tony/browse_17_08/LC09_CU_017008_20220212_20230501_02_thumb_large.jpeg
/wspcefs/opt/tony/browse_17_08/LC09_CU_017008_20220809_20230406_02_thumb_large.jpeg
/wspcefs/opt/tony/browse_17_08/LC08_CU_017008_20220128_20220208_02_thumb_large.jpeg
/wspcefs/opt/tony/browse_17_08/LC09_CU_017008_20220823_20230402_02_thumb_large.jpeg
/wspcefs/opt/tony/browse_17_08/LE07_CU_017008_20220127_20220226_02_thumb_large.jpeg
/wspcefs/opt/tony/browse_17_08/LE07_CU_017008_20220325_20220424_02_thumb_large.jpeg
/wspcefs/opt/tony/browse_17_08/LC08_CU_017008_20220605_20220613_02_thumb_large.jpeg
/wspcefs/opt/tony/browse_17_08/LC09_CU_017008_20220706_20230411_02_thumb_large.jpeg
/wspcefs/opt/tony/browse_17_08/LC08_CU_017008_20220918_20221002_02_thumb_large.jpeg
/wspcefs/opt/tony/browse_17_08/LC09_CU_017008_20220426_20230421_02_thumb_large.jpeg
/wspcefs/opt/tony/browse_17_08/LC09_CU_017008_20221231_20230318_02_thumb_large.jpeg
/wspcefs/opt/tony/browse_17_08/LE07_CU_017008_20220316_20220415_02_thumb_large.jpeg
/wspcefs/opt/tony/browse_17_08/LC09_CU_017008_20221127_20230323_02_thumb_large.jpeg
/wspcefs/opt/tony/browse_17_08/LC08_CU_017008_20220326_20220402_02_thumb_large.jpeg
/wspcefs/opt/tony/browse_17_08/LC08_CU_017008_20221119_20221202_02_thumb_large.jpeg
/wspcefs/opt/tony/browse_17_08/LC08_CU_017008_20220817_20220827_02_thumb_large.jpeg
/wspcefs/opt/tony/browse_17_08/LC08_CU_017008_20220612_20220620_02_thumb_large.jpeg
/wspcefs/opt/tony/browse_17_08/LC09_CU_017008_20221206_20230321_02_thumb_large.jpeg
/wspcefs/opt/tony/browse_17_08/LC08_CU_017008_20221205_20230116_02_thumb_large.jpeg
/wspcefs/opt/tony/browse_17_08/LC09_CU_017008_20220113_20230505_02_thumb_large.jpeg
/wspcefs/opt/tony/browse_17_08/LC09_CU_017008_20220908_20230402_02_thumb_large.jpeg
/wspcefs/opt/tony/browse_17_08/LC08_CU_017008_20220925_20221008_02_thumb_large.jpeg
/wspcefs/opt/tony/browse_17_08/LC08_CU_017008_20220427_20220507_02_thumb_large.jpeg
/wspcefs/opt/tony/browse_17_08/LC09_CU_017008_20220825_20230404_02_thumb_large.jpeg
/wspcefs/opt/tony/browse_17_08/LC09_CU_017008_20220606_20230416_02_thumb_large.jpeg
/wspcefs/opt/tony/browse_17_08/LC08_CU_017008_20221020_20221104_02_thumb_large.jpeg
/wspcefs/opt/tony/browse_17_08/LC08_CU_017008_20220121_20220131_02_thumb_large.jpeg
/wspcefs/opt/tony/browse_17_08/LC08_CU_017008_20220723_20220805_02_thumb_large.jpeg
/wspcefs/opt/tony/browse_17_08/LC09_CU_017008_20221028_20230327_02_thumb_large.jpeg
/wspcefs/opt/tony/browse_17_08/LE07_CU_017008_20220129_20220228_02_thumb_large.jpeg
/wspcefs/opt/tony/browse_17_08/LE07_CU_017008_20220309_20220408_02_thumb_large.jpeg
/wspcefs/opt/tony/browse_17_08/LC08_CU_017008_20220831_20220913_02_thumb_large.jpeg
/wspcefs/opt/tony/browse_17_08/LE07_CU_017008_20220401_20220501_02_thumb_large.jpeg
/wspcefs/opt/tony/browse_17_08/LC08_CU_017008_20220902_20220917_02_thumb_large.jpeg
/wspcefs/opt/tony/browse_17_08/LC09_CU_017008_20220528_20230416_02_thumb_large.jpeg
/wspcefs/opt/tony/browse_17_08/LC08_CU_017008_20220707_20220725_02_thumb_large.jpeg
/wspcefs/opt/tony/browse_17_08/LC08_CU_017008_20220220_20220305_02_thumb_large.jpeg
/wspcefs/opt/tony/browse_17_08/LC09_CU_017008_20221003_20230330_02_thumb_large.jpeg
/wspcefs/opt/tony/browse_17_08/LC08_CU_017008_20221207_20221216_02_thumb_large.jpeg
/wspcefs/opt/tony/browse_17_08/LC09_CU_017008_20220715_20230410_02_thumb_large.jpeg
/wspcefs/opt/tony/browse_17_08/LC09_CU_017008_20220127_20230503_02_thumb_large.jpeg
/wspcefs/opt/tony/browse_17_08/LC09_CU_017008_20221012_20230329_02_thumb_large.jpeg
/wspcefs/opt/tony/browse_17_08/LC09_CU_017008_20220724_20230410_02_thumb_large.jpeg
/wspcefs/opt/tony/browse_17_08/LC08_CU_017008_20220402_20220415_02_thumb_large.jpeg
/wspcefs/opt/tony/browse_17_08/LC09_CU_017008_20220214_20230430_02_thumb_large.jpeg
/wspcefs/opt/tony/browse_17_08/LC08_CU_017008_20220119_20220131_02_thumb_large.jpeg
/wspcefs/opt/tony/browse_17_08/LC08_CU_017008_20221018_20221104_02_thumb_large.jpeg
/wspcefs/opt/tony/browse_17_08/LC08_CU_017008_20220213_20220226_02_thumb_large.jpeg
/wspcefs/opt/tony/browse_17_08/LC08_CU_017008_20220206_20220215_02_thumb_large.jpeg
/wspcefs/opt/tony/browse_17_08/LC09_CU_017008_20220205_20230502_02_thumb_large.jpeg
/wspcefs/opt/tony/browse_17_08/LC08_CU_017008_20220628_20220709_02_thumb_large.jpeg
/wspcefs/opt/tony/browse_17_08/LC09_CU_017008_20220512_20230420_02_thumb_large.jpeg
/wspcefs/opt/tony/browse_17_08/LC08_CU_017008_20220824_20220927_02_thumb_large.jpeg
/wspcefs/opt/tony/browse_17_08/LC08_CU_017008_20220916_20220925_02_thumb_large.jpeg
/wspcefs/opt/tony/browse_17_08/LE07_CU_017008_20220120_20220219_02_thumb_large.jpeg
/wspcefs/opt/tony/browse_17_08/LC09_CU_017008_20221111_20230325_02_thumb_large.jpeg
/wspcefs/opt/tony/browse_17_08/LC08_CU_017008_20220511_20220522_02_thumb_large.jpeg
/wspcefs/opt/tony/browse_17_08/LC08_CU_017008_20220621_20220708_02_thumb_large.jpeg
/wspcefs/opt/tony/browse_17_08/LC09_CU_017008_20220924_20230331_02_thumb_large.jpeg
/wspcefs/opt/tony/browse_17_08/LC08_CU_017008_20221128_20221209_02_thumb_large.jpeg
/wspcefs/opt/tony/browse_17_08/LC08_CU_017008_20220204_20220215_02_thumb_large.jpeg
/wspcefs/opt/tony/browse_17_08/LE07_CU_017008_20220221_20220323_02_thumb_large.jpeg
/wspcefs/opt/tony/browse_17_08/LC09_CU_017008_20220120_20230504_02_thumb_large.jpeg
/wspcefs/opt/tony/browse_17_08/LE07_CU_017008_20220212_20220314_02_thumb_large.jpeg
/wspcefs/opt/tony/browse_17_08/LC08_CU_017008_20221027_20221111_02_thumb_large.jpeg
/wspcefs/opt/tony/browse_17_08/LC08_CU_017008_20220714_20220729_02_thumb_large.jpeg
/wspcefs/opt/tony/browse_17_08/LC08_CU_017008_20221112_20221125_02_thumb_large.jpeg
/wspcefs/opt/tony/browse_17_08/LC09_CU_017008_20220221_20230430_02_thumb_large.jpeg
/wspcefs/opt/tony/browse_17_08/LC09_CU_017008_20220401_20230429_02_thumb_large.jpeg
/wspcefs/opt/tony/browse_17_08/LC08_CU_017008_20220409_20220423_02_thumb_large.jpeg
/wspcefs/opt/tony/browse_17_08/LC09_CU_017008_20220302_20230429_02_thumb_large.jpeg
/wspcefs/opt/tony/browse_17_08/LC09_CU_017008_20220410_20230429_02_thumb_large.jpeg
/wspcefs/opt/tony/browse_17_08/LC09_CU_017008_20220129_20230503_02_thumb_large.jpeg
/wspcefs/opt/tony/browse_17_08/LC08_CU_017008_20220630_20220711_02_thumb_large.jpeg
/wspcefs/opt/tony/browse_17_08/LE07_CU_017008_20220214_20220316_02_thumb_large.jpeg
/wspcefs/opt/tony/browse_17_08/LC09_CU_017008_20220613_20230420_02_thumb_large.jpeg
/wspcefs/opt/tony/browse_17_08/LE07_CU_017008_20220205_20220307_02_thumb_large.jpeg
/wspcefs/opt/tony/browse_17_08/LC09_CU_017008_20220731_20230410_02_thumb_large.jpeg
/wspcefs/opt/tony/browse_17_08/LC09_CU_017008_20221213_20230414_02_thumb_large.jpeg
/wspcefs/opt/tony/browse_17_08/LC08_CU_017008_20220513_20220522_02_thumb_large.jpeg
/wspcefs/opt/tony/browse_17_08/LC09_CU_017008_20221113_20230325_02_thumb_large.jpeg
/wspcefs/opt/tony/browse_17_08/LC09_CU_017008_20220722_20230410_02_thumb_large.jpeg
/wspcefs/opt/tony/browse_17_08/LC08_CU_017008_20221105_20221118_02_thumb_large.jpeg
/wspcefs/opt/tony/browse_17_08/LC09_CU_017008_20221010_20230329_02_thumb_large.jpeg
/wspcefs/opt/tony/browse_17_08/LC09_CU_017008_20221019_20230328_02_thumb_large.jpeg
/wspcefs/opt/tony/browse_17_08/LC08_CU_017008_20221011_20221024_02_thumb_large.jpeg
/wspcefs/opt/tony/browse_17_08/LC08_CU_017008_20220801_20220809_02_thumb_large.jpeg
/wspcefs/opt/tony/browse_17_08/LC09_CU_017008_20220816_20230405_02_thumb_large.jpeg
/wspcefs/opt/tony/browse_17_08/LC09_CU_017008_20220629_20230412_02_thumb_large.jpeg
/wspcefs/opt/tony/browse_17_08/LC08_CU_017008_20220301_20220312_02_thumb_large.jpeg
/wspcefs/opt/tony/browse_17_08/LC08_CU_017008_20221121_20221202_02_thumb_large.jpeg
/wspcefs/opt/tony/browse_17_08/LC09_CU_017008_20220926_20230331_02_thumb_large.jpeg
/wspcefs/opt/tony/browse_17_08/LC08_CU_017008_20220527_20220606_02_thumb_large.jpeg
Building the animation ...
SUCCESS /wspcefs/opt/tony/animations/2022_17_08.gif created!
