Number of arguments: 2 arguments
Argument List: ['anim.py', '18_11_2022']
https://landsatlook.usgs.gov/stac-server
landsat-c2ard-sr
['landsat-c2l2-sr', 'landsat-c2l2-st', 'landsat-c2ard-st', 'landsat-c2l2alb-bt', 'landsat-c2l3-fsca', 'landsat-c2ard-bt', 'landsat-c2l1', 'landsat-c2l3-ba', 'landsat-c2l2alb-st', 'landsat-c2ard-sr', 'landsat-c2l2alb-sr', 'landsat-c2l2alb-ta', 'landsat-c2l3-dswe', 'landsat-c2ard-ta']
                    id                                                                                                             title
0      landsat-c2l2-sr                                                 Landsat Collection 2 Level-2 UTM Surface Reflectance (SR) Product
1      landsat-c2l2-st                                                 Landsat Collection 2 Level-2 UTM Surface Temperature (ST) Product
2     landsat-c2ard-st                       Landsat Collection 2 Analysis Ready Data (ARD) Level-2 UTM Surface Temperature (ST) Product
3   landsat-c2l2alb-bt                         Landsat Collection 2 Level-2 Albers Top of Atmosphere Brightness Temperature (BT) Product
4    landsat-c2l3-fsca                                          Landsat Collection 2 Level-3 Fractional Snow Covered Area (fSCA) Product
5     landsat-c2ard-bt  Landsat Collection 2 Analysis Ready Data (ARD) Level-2 UTM Top of Atmosphere Brightness Temperature (BT) Product
6         landsat-c2l1                                                                              Landsat Collection 2 Level-1 Product
7      landsat-c2l3-ba                                                             Landsat Collection 2 Level-3 Burned Area (BA) Product
8   landsat-c2l2alb-st                                              Landsat Collection 2 Level-2 Albers Surface Temperature (ST) Product
9     landsat-c2ard-sr                       Landsat Collection 2 Analysis Ready Data (ARD) Level-2 UTM Surface Reflectance (SR) Product
10  landsat-c2l2alb-sr                                              Landsat Collection 2 Level-2 Albers Surface Reflectance (SR) Product
11  landsat-c2l2alb-ta                                    Landsat Collection 2 Level-2 Albers Top of Atmosphere (TA) Reflectance Product
12   landsat-c2l3-dswe                                          Landsat Collection 2 Level-3 Dynamic Surface Water Extent (DSWE) Product
13    landsat-c2ard-ta             Landsat Collection 2 Analysis Ready Data (ARD) Level-2 UTM Top of Atmosphere (TA) Reflectance Product
None 2022-01-01/2022-12-31 99
87 items found
                            product  ... cloud_qa
0  usgs-landsat-ard-collection02-sr  ...      NaN
1  usgs-landsat-ard-collection02-sr  ...      NaN
2  usgs-landsat-ard-collection02-sr  ...      NaN
3  usgs-landsat-ard-collection02-sr  ...      NaN
4  usgs-landsat-ard-collection02-sr  ...      NaN

[5 rows x 17 columns]
Index(['product', 'date', 'grid', 'h', 'v', 'cc', 'fill', 'thumbnail',
       'reduced_resolution_browse', 'blue', 'green', 'red', 'nir08', 'swir16',
       'swir22', 'atmos_opacity', 'cloud_qa'],
      dtype='object')
dict_keys(['start_datetime', 'end_datetime', 'datetime', 'platform', 'instruments', 'landsat:grid_horizontal', 'landsat:grid_vertical', 'landsat:grid_region', 'landsat:scene_count', 'eo:cloud_cover', 'landsat:cloud_shadow_cover', 'landsat:snow_ice_cover', 'landsat:fill', 'proj:epsg', 'proj:shape', 'proj:transform', 'proj:wkt2', 'created', 'updated'])
s3://usgs-landsat-ard/collection02/oli-tirs/2022/CU/018/011/LC09_CU_018011_20221231_20230318_02/LC09_CU_018011_20221231_20230318_02_thumb_large.jpeg
s3://usgs-landsat-ard/collection02/oli-tirs/2022/CU/018/011/LC09_CU_018011_20221224_20230320_02/LC09_CU_018011_20221224_20230320_02_thumb_large.jpeg
s3://usgs-landsat-ard/collection02/oli-tirs/2022/CU/018/011/LC08_CU_018011_20221223_20230107_02/LC08_CU_018011_20221223_20230107_02_thumb_large.jpeg
s3://usgs-landsat-ard/collection02/oli-tirs/2022/CU/018/011/LC08_CU_018011_20221216_20221231_02/LC08_CU_018011_20221216_20221231_02_thumb_large.jpeg
s3://usgs-landsat-ard/collection02/oli-tirs/2022/CU/018/011/LC09_CU_018011_20221215_20230321_02/LC09_CU_018011_20221215_20230321_02_thumb_large.jpeg
s3://usgs-landsat-ard/collection02/oli-tirs/2022/CU/018/011/LC09_CU_018011_20221208_20230321_02/LC09_CU_018011_20221208_20230321_02_thumb_large.jpeg
s3://usgs-landsat-ard/collection02/oli-tirs/2022/CU/018/011/LC08_CU_018011_20221130_20221209_02/LC08_CU_018011_20221130_20221209_02_thumb_large.jpeg
s3://usgs-landsat-ard/collection02/oli-tirs/2022/CU/018/011/LC09_CU_018011_20221129_20230323_02/LC09_CU_018011_20221129_20230323_02_thumb_large.jpeg
s3://usgs-landsat-ard/collection02/oli-tirs/2022/CU/018/011/LC09_CU_018011_20221122_20230324_02/LC09_CU_018011_20221122_20230324_02_thumb_large.jpeg
s3://usgs-landsat-ard/collection02/oli-tirs/2022/CU/018/011/LC08_CU_018011_20221121_20221202_02/LC08_CU_018011_20221121_20221202_02_thumb_large.jpeg
s3://usgs-landsat-ard/collection02/oli-tirs/2022/CU/018/011/LC08_CU_018011_20221114_20221125_02/LC08_CU_018011_20221114_20221125_02_thumb_large.jpeg
s3://usgs-landsat-ard/collection02/oli-tirs/2022/CU/018/011/LC09_CU_018011_20221113_20230325_02/LC09_CU_018011_20221113_20230325_02_thumb_large.jpeg
s3://usgs-landsat-ard/collection02/oli-tirs/2022/CU/018/011/LC09_CU_018011_20221106_20230326_02/LC09_CU_018011_20221106_20230326_02_thumb_large.jpeg
s3://usgs-landsat-ard/collection02/oli-tirs/2022/CU/018/011/LC08_CU_018011_20221105_20221118_02/LC08_CU_018011_20221105_20221118_02_thumb_large.jpeg
s3://usgs-landsat-ard/collection02/oli-tirs/2022/CU/018/011/LC09_CU_018011_20221028_20230327_02/LC09_CU_018011_20221028_20230327_02_thumb_large.jpeg
s3://usgs-landsat-ard/collection02/oli-tirs/2022/CU/018/011/LC09_CU_018011_20221021_20230328_02/LC09_CU_018011_20221021_20230328_02_thumb_large.jpeg
s3://usgs-landsat-ard/collection02/oli-tirs/2022/CU/018/011/LC08_CU_018011_20221020_20221104_02/LC08_CU_018011_20221020_20221104_02_thumb_large.jpeg
s3://usgs-landsat-ard/collection02/oli-tirs/2022/CU/018/011/LC08_CU_018011_20221013_20221104_02/LC08_CU_018011_20221013_20221104_02_thumb_large.jpeg
s3://usgs-landsat-ard/collection02/oli-tirs/2022/CU/018/011/LC09_CU_018011_20221012_20230329_02/LC09_CU_018011_20221012_20230329_02_thumb_large.jpeg
s3://usgs-landsat-ard/collection02/oli-tirs/2022/CU/018/011/LC09_CU_018011_20221005_20230330_02/LC09_CU_018011_20221005_20230330_02_thumb_large.jpeg
s3://usgs-landsat-ard/collection02/oli-tirs/2022/CU/018/011/LC08_CU_018011_20221004_20221016_02/LC08_CU_018011_20221004_20221016_02_thumb_large.jpeg
s3://usgs-landsat-ard/collection02/oli-tirs/2022/CU/018/011/LC08_CU_018011_20220927_20221008_02/LC08_CU_018011_20220927_20221008_02_thumb_large.jpeg
s3://usgs-landsat-ard/collection02/oli-tirs/2022/CU/018/011/LC09_CU_018011_20220926_20230331_02/LC09_CU_018011_20220926_20230331_02_thumb_large.jpeg
s3://usgs-landsat-ard/collection02/oli-tirs/2022/CU/018/011/LC09_CU_018011_20220919_20230331_02/LC09_CU_018011_20220919_20230331_02_thumb_large.jpeg
s3://usgs-landsat-ard/collection02/oli-tirs/2022/CU/018/011/LC08_CU_018011_20220918_20221002_02/LC08_CU_018011_20220918_20221002_02_thumb_large.jpeg
s3://usgs-landsat-ard/collection02/oli-tirs/2022/CU/018/011/LC08_CU_018011_20220911_20220925_02/LC08_CU_018011_20220911_20220925_02_thumb_large.jpeg
s3://usgs-landsat-ard/collection02/oli-tirs/2022/CU/018/011/LC09_CU_018011_20220910_20230401_02/LC09_CU_018011_20220910_20230401_02_thumb_large.jpeg
s3://usgs-landsat-ard/collection02/oli-tirs/2022/CU/018/011/LC09_CU_018011_20220903_20230403_02/LC09_CU_018011_20220903_20230403_02_thumb_large.jpeg
s3://usgs-landsat-ard/collection02/oli-tirs/2022/CU/018/011/LC08_CU_018011_20220826_20220913_02/LC08_CU_018011_20220826_20220913_02_thumb_large.jpeg
s3://usgs-landsat-ard/collection02/oli-tirs/2022/CU/018/011/LC09_CU_018011_20220825_20230404_02/LC09_CU_018011_20220825_20230404_02_thumb_large.jpeg
s3://usgs-landsat-ard/collection02/oli-tirs/2022/CU/018/011/LC09_CU_018011_20220818_20230404_02/LC09_CU_018011_20220818_20230404_02_thumb_large.jpeg
s3://usgs-landsat-ard/collection02/oli-tirs/2022/CU/018/011/LC08_CU_018011_20220817_20220827_02/LC08_CU_018011_20220817_20220827_02_thumb_large.jpeg
s3://usgs-landsat-ard/collection02/oli-tirs/2022/CU/018/011/LC08_CU_018011_20220810_20220821_02/LC08_CU_018011_20220810_20220821_02_thumb_large.jpeg
s3://usgs-landsat-ard/collection02/oli-tirs/2022/CU/018/011/LC09_CU_018011_20220809_20230406_02/LC09_CU_018011_20220809_20230406_02_thumb_large.jpeg
s3://usgs-landsat-ard/collection02/oli-tirs/2022/CU/018/011/LC09_CU_018011_20220802_20230410_02/LC09_CU_018011_20220802_20230410_02_thumb_large.jpeg
s3://usgs-landsat-ard/collection02/oli-tirs/2022/CU/018/011/LC08_CU_018011_20220801_20220809_02/LC08_CU_018011_20220801_20220809_02_thumb_large.jpeg
s3://usgs-landsat-ard/collection02/oli-tirs/2022/CU/018/011/LC08_CU_018011_20220725_20220805_02/LC08_CU_018011_20220725_20220805_02_thumb_large.jpeg
s3://usgs-landsat-ard/collection02/oli-tirs/2022/CU/018/011/LC09_CU_018011_20220724_20230410_02/LC09_CU_018011_20220724_20230410_02_thumb_large.jpeg
s3://usgs-landsat-ard/collection02/oli-tirs/2022/CU/018/011/LC09_CU_018011_20220717_20230410_02/LC09_CU_018011_20220717_20230410_02_thumb_large.jpeg
s3://usgs-landsat-ard/collection02/oli-tirs/2022/CU/018/011/LC08_CU_018011_20220716_20220729_02/LC08_CU_018011_20220716_20220729_02_thumb_large.jpeg
s3://usgs-landsat-ard/collection02/oli-tirs/2022/CU/018/011/LC08_CU_018011_20220709_20220725_02/LC08_CU_018011_20220709_20220725_02_thumb_large.jpeg
s3://usgs-landsat-ard/collection02/oli-tirs/2022/CU/018/011/LC09_CU_018011_20220708_20230411_02/LC09_CU_018011_20220708_20230411_02_thumb_large.jpeg
s3://usgs-landsat-ard/collection02/oli-tirs/2022/CU/018/011/LC09_CU_018011_20220701_20230412_02/LC09_CU_018011_20220701_20230412_02_thumb_large.jpeg
s3://usgs-landsat-ard/collection02/oli-tirs/2022/CU/018/011/LC08_CU_018011_20220630_20220711_02/LC08_CU_018011_20220630_20220711_02_thumb_large.jpeg
s3://usgs-landsat-ard/collection02/oli-tirs/2022/CU/018/011/LC08_CU_018011_20220623_20220709_02/LC08_CU_018011_20220623_20220709_02_thumb_large.jpeg
s3://usgs-landsat-ard/collection02/oli-tirs/2022/CU/018/011/LC09_CU_018011_20220622_20230414_02/LC09_CU_018011_20220622_20230414_02_thumb_large.jpeg
s3://usgs-landsat-ard/collection02/oli-tirs/2022/CU/018/011/LC09_CU_018011_20220615_20230415_02/LC09_CU_018011_20220615_20230415_02_thumb_large.jpeg
s3://usgs-landsat-ard/collection02/oli-tirs/2022/CU/018/011/LC08_CU_018011_20220614_20220620_02/LC08_CU_018011_20220614_20220620_02_thumb_large.jpeg
s3://usgs-landsat-ard/collection02/oli-tirs/2022/CU/018/011/LC09_CU_018011_20220606_20230416_02/LC09_CU_018011_20220606_20230416_02_thumb_large.jpeg
s3://usgs-landsat-ard/collection02/oli-tirs/2022/CU/018/011/LC09_CU_018011_20220530_20230420_02/LC09_CU_018011_20220530_20230420_02_thumb_large.jpeg
s3://usgs-landsat-ard/collection02/oli-tirs/2022/CU/018/011/LC08_CU_018011_20220529_20220606_02/LC08_CU_018011_20220529_20220606_02_thumb_large.jpeg
s3://usgs-landsat-ard/collection02/oli-tirs/2022/CU/018/011/LC09_CU_018011_20220514_20230420_02/LC09_CU_018011_20220514_20230420_02_thumb_large.jpeg
s3://usgs-landsat-ard/collection02/oli-tirs/2022/CU/018/011/LC08_CU_018011_20220513_20220522_02/LC08_CU_018011_20220513_20220522_02_thumb_large.jpeg
s3://usgs-landsat-ard/collection02/oli-tirs/2022/CU/018/011/LC08_CU_018011_20220506_20220515_02/LC08_CU_018011_20220506_20220515_02_thumb_large.jpeg
s3://usgs-landsat-ard/collection02/oli-tirs/2022/CU/018/011/LC09_CU_018011_20220505_20230420_02/LC09_CU_018011_20220505_20230420_02_thumb_large.jpeg
s3://usgs-landsat-ard/collection02/oli-tirs/2022/CU/018/011/LC08_CU_018011_20220427_20220507_02/LC08_CU_018011_20220427_20220507_02_thumb_large.jpeg
s3://usgs-landsat-ard/collection02/oli-tirs/2022/CU/018/011/LC08_CU_018011_20220420_20220501_02/LC08_CU_018011_20220420_20220501_02_thumb_large.jpeg
s3://usgs-landsat-ard/collection02/oli-tirs/2022/CU/018/011/LC09_CU_018011_20220419_20230429_02/LC09_CU_018011_20220419_20230429_02_thumb_large.jpeg
s3://usgs-landsat-ard/collection02/oli-tirs/2022/CU/018/011/LC09_CU_018011_20220412_20230429_02/LC09_CU_018011_20220412_20230429_02_thumb_large.jpeg
s3://usgs-landsat-ard/collection02/oli-tirs/2022/CU/018/011/LC08_CU_018011_20220411_20220423_02/LC08_CU_018011_20220411_20220423_02_thumb_large.jpeg
s3://usgs-landsat-ard/collection02/etm/2022/CU/018/011/LE07_CU_018011_20220405_20220504_02/LE07_CU_018011_20220405_20220504_02_thumb_large.jpeg
s3://usgs-landsat-ard/collection02/oli-tirs/2022/CU/018/011/LC08_CU_018011_20220404_20220415_02/LC08_CU_018011_20220404_20220415_02_thumb_large.jpeg
s3://usgs-landsat-ard/collection02/oli-tirs/2022/CU/018/011/LC09_CU_018011_20220403_20230429_02/LC09_CU_018011_20220403_20230429_02_thumb_large.jpeg
s3://usgs-landsat-ard/collection02/etm/2022/CU/018/011/LE07_CU_018011_20220403_20220504_02/LE07_CU_018011_20220403_20220504_02_thumb_large.jpeg
s3://usgs-landsat-ard/collection02/oli-tirs/2022/CU/018/011/LC09_CU_018011_20220327_20230429_02/LC09_CU_018011_20220327_20230429_02_thumb_large.jpeg
s3://usgs-landsat-ard/collection02/etm/2022/CU/018/011/LE07_CU_018011_20220327_20220426_02/LE07_CU_018011_20220327_20220426_02_thumb_large.jpeg
s3://usgs-landsat-ard/collection02/oli-tirs/2022/CU/018/011/LC08_CU_018011_20220326_20220402_02/LC08_CU_018011_20220326_20220402_02_thumb_large.jpeg
s3://usgs-landsat-ard/collection02/oli-tirs/2022/CU/018/011/LC08_CU_018011_20220319_20220402_02/LC08_CU_018011_20220319_20220402_02_thumb_large.jpeg
s3://usgs-landsat-ard/collection02/oli-tirs/2022/CU/018/011/LC08_CU_018011_20220310_20220325_02/LC08_CU_018011_20220310_20220325_02_thumb_large.jpeg
s3://usgs-landsat-ard/collection02/oli-tirs/2022/CU/018/011/LC08_CU_018011_20220303_20220318_02/LC08_CU_018011_20220303_20220318_02_thumb_large.jpeg
s3://usgs-landsat-ard/collection02/oli-tirs/2022/CU/018/011/LC09_CU_018011_20220302_20230429_02/LC09_CU_018011_20220302_20230429_02_thumb_large.jpeg
s3://usgs-landsat-ard/collection02/etm/2022/CU/018/011/LE07_CU_018011_20220302_20220401_02/LE07_CU_018011_20220302_20220401_02_thumb_large.jpeg
s3://usgs-landsat-ard/collection02/oli-tirs/2022/CU/018/011/LC08_CU_018011_20220215_20220226_02/LC08_CU_018011_20220215_20220226_02_thumb_large.jpeg
s3://usgs-landsat-ard/collection02/oli-tirs/2022/CU/018/011/LC09_CU_018011_20220214_20230430_02/LC09_CU_018011_20220214_20230430_02_thumb_large.jpeg
s3://usgs-landsat-ard/collection02/etm/2022/CU/018/011/LE07_CU_018011_20220214_20220316_02/LE07_CU_018011_20220214_20220316_02_thumb_large.jpeg
s3://usgs-landsat-ard/collection02/oli-tirs/2022/CU/018/011/LC09_CU_018011_20220207_20230501_02/LC09_CU_018011_20220207_20230501_02_thumb_large.jpeg
s3://usgs-landsat-ard/collection02/etm/2022/CU/018/011/LE07_CU_018011_20220207_20220309_02/LE07_CU_018011_20220207_20220309_02_thumb_large.jpeg
s3://usgs-landsat-ard/collection02/oli-tirs/2022/CU/018/011/LC08_CU_018011_20220206_20220215_02/LC08_CU_018011_20220206_20220215_02_thumb_large.jpeg
s3://usgs-landsat-ard/collection02/oli-tirs/2022/CU/018/011/LC08_CU_018011_20220130_20220208_02/LC08_CU_018011_20220130_20220208_02_thumb_large.jpeg
s3://usgs-landsat-ard/collection02/oli-tirs/2022/CU/018/011/LC09_CU_018011_20220129_20230503_02/LC09_CU_018011_20220129_20230503_02_thumb_large.jpeg
s3://usgs-landsat-ard/collection02/etm/2022/CU/018/011/LE07_CU_018011_20220129_20220228_02/LE07_CU_018011_20220129_20220228_02_thumb_large.jpeg
s3://usgs-landsat-ard/collection02/oli-tirs/2022/CU/018/011/LC09_CU_018011_20220122_20230503_02/LC09_CU_018011_20220122_20230503_02_thumb_large.jpeg
s3://usgs-landsat-ard/collection02/etm/2022/CU/018/011/LE07_CU_018011_20220122_20220221_02/LE07_CU_018011_20220122_20220221_02_thumb_large.jpeg
s3://usgs-landsat-ard/collection02/oli-tirs/2022/CU/018/011/LC08_CU_018011_20220121_20220131_02/LC08_CU_018011_20220121_20220131_02_thumb_large.jpeg
s3://usgs-landsat-ard/collection02/oli-tirs/2022/CU/018/011/LC09_CU_018011_20220113_20230505_02/LC09_CU_018011_20220113_20230505_02_thumb_large.jpeg
s3://usgs-landsat-ard/collection02/etm/2022/CU/018/011/LE07_CU_018011_20220113_20220212_02/LE07_CU_018011_20220113_20220212_02_thumb_large.jpeg
s3://usgs-landsat-ard/collection02/oli-tirs/2022/CU/018/011/LC08_CU_018011_20220105_20220117_02/LC08_CU_018011_20220105_20220117_02_thumb_large.jpeg
s3://usgs-landsat-ard/collection02/oli-tirs/2022/CU/018/011/LC09_CU_018011_20221231_20230318_02/LC09_CU_018011_20221231_20230318_02_thumb_large.jpeg
. LC09_CU_018011_20221231_20230318_02_thumb_large.jpeg
. LC09_CU_018011_20221231_20230318_02_thumb_large.jpeg
. LC09_CU_018011_20221224_20230320_02_thumb_large.jpeg
. LC08_CU_018011_20221223_20230107_02_thumb_large.jpeg
. LC08_CU_018011_20221216_20221231_02_thumb_large.jpeg
. LC09_CU_018011_20221215_20230321_02_thumb_large.jpeg
. LC09_CU_018011_20221208_20230321_02_thumb_large.jpeg
. LC08_CU_018011_20221130_20221209_02_thumb_large.jpeg
. LC09_CU_018011_20221129_20230323_02_thumb_large.jpeg
. LC09_CU_018011_20221122_20230324_02_thumb_large.jpeg
. LC08_CU_018011_20221121_20221202_02_thumb_large.jpeg
. LC08_CU_018011_20221114_20221125_02_thumb_large.jpeg
. LC09_CU_018011_20221113_20230325_02_thumb_large.jpeg
. LC09_CU_018011_20221106_20230326_02_thumb_large.jpeg
. LC08_CU_018011_20221105_20221118_02_thumb_large.jpeg
. LC09_CU_018011_20221028_20230327_02_thumb_large.jpeg
. LC09_CU_018011_20221021_20230328_02_thumb_large.jpeg
. LC08_CU_018011_20221020_20221104_02_thumb_large.jpeg
. LC08_CU_018011_20221013_20221104_02_thumb_large.jpeg
. LC09_CU_018011_20221012_20230329_02_thumb_large.jpeg
. LC09_CU_018011_20221005_20230330_02_thumb_large.jpeg
. LC08_CU_018011_20221004_20221016_02_thumb_large.jpeg
. LC08_CU_018011_20220927_20221008_02_thumb_large.jpeg
. LC09_CU_018011_20220926_20230331_02_thumb_large.jpeg
. LC09_CU_018011_20220919_20230331_02_thumb_large.jpeg
. LC08_CU_018011_20220918_20221002_02_thumb_large.jpeg
. LC08_CU_018011_20220911_20220925_02_thumb_large.jpeg
. LC09_CU_018011_20220910_20230401_02_thumb_large.jpeg
. LC09_CU_018011_20220903_20230403_02_thumb_large.jpeg
. LC08_CU_018011_20220826_20220913_02_thumb_large.jpeg
. LC09_CU_018011_20220825_20230404_02_thumb_large.jpeg
. LC09_CU_018011_20220818_20230404_02_thumb_large.jpeg
. LC08_CU_018011_20220817_20220827_02_thumb_large.jpeg
. LC08_CU_018011_20220810_20220821_02_thumb_large.jpeg
. LC09_CU_018011_20220809_20230406_02_thumb_large.jpeg
. LC09_CU_018011_20220802_20230410_02_thumb_large.jpeg
. LC08_CU_018011_20220801_20220809_02_thumb_large.jpeg
. LC08_CU_018011_20220725_20220805_02_thumb_large.jpeg
. LC09_CU_018011_20220724_20230410_02_thumb_large.jpeg
. LC09_CU_018011_20220717_20230410_02_thumb_large.jpeg
. LC08_CU_018011_20220716_20220729_02_thumb_large.jpeg
. LC08_CU_018011_20220709_20220725_02_thumb_large.jpeg
. LC09_CU_018011_20220708_20230411_02_thumb_large.jpeg
. LC09_CU_018011_20220701_20230412_02_thumb_large.jpeg
. LC08_CU_018011_20220630_20220711_02_thumb_large.jpeg
. LC08_CU_018011_20220623_20220709_02_thumb_large.jpeg
. LC09_CU_018011_20220622_20230414_02_thumb_large.jpeg
. LC09_CU_018011_20220615_20230415_02_thumb_large.jpeg
. LC08_CU_018011_20220614_20220620_02_thumb_large.jpeg
. LC09_CU_018011_20220606_20230416_02_thumb_large.jpeg
. LC09_CU_018011_20220530_20230420_02_thumb_large.jpeg
. LC08_CU_018011_20220529_20220606_02_thumb_large.jpeg
. LC09_CU_018011_20220514_20230420_02_thumb_large.jpeg
. LC08_CU_018011_20220513_20220522_02_thumb_large.jpeg
. LC08_CU_018011_20220506_20220515_02_thumb_large.jpeg
. LC09_CU_018011_20220505_20230420_02_thumb_large.jpeg
. LC08_CU_018011_20220427_20220507_02_thumb_large.jpeg
. LC08_CU_018011_20220420_20220501_02_thumb_large.jpeg
. LC09_CU_018011_20220419_20230429_02_thumb_large.jpeg
. LC09_CU_018011_20220412_20230429_02_thumb_large.jpeg
. LC08_CU_018011_20220411_20220423_02_thumb_large.jpeg
. LE07_CU_018011_20220405_20220504_02_thumb_large.jpeg
. LC08_CU_018011_20220404_20220415_02_thumb_large.jpeg
. LC09_CU_018011_20220403_20230429_02_thumb_large.jpeg
. LE07_CU_018011_20220403_20220504_02_thumb_large.jpeg
. LC09_CU_018011_20220327_20230429_02_thumb_large.jpeg
. LE07_CU_018011_20220327_20220426_02_thumb_large.jpeg
. LC08_CU_018011_20220326_20220402_02_thumb_large.jpeg
. LC08_CU_018011_20220319_20220402_02_thumb_large.jpeg
. LC08_CU_018011_20220310_20220325_02_thumb_large.jpeg
. LC08_CU_018011_20220303_20220318_02_thumb_large.jpeg
. LC09_CU_018011_20220302_20230429_02_thumb_large.jpeg
. LE07_CU_018011_20220302_20220401_02_thumb_large.jpeg
. LC08_CU_018011_20220215_20220226_02_thumb_large.jpeg
. LC09_CU_018011_20220214_20230430_02_thumb_large.jpeg
. LE07_CU_018011_20220214_20220316_02_thumb_large.jpeg
. LC09_CU_018011_20220207_20230501_02_thumb_large.jpeg
. LE07_CU_018011_20220207_20220309_02_thumb_large.jpeg
. LC08_CU_018011_20220206_20220215_02_thumb_large.jpeg
. LC08_CU_018011_20220130_20220208_02_thumb_large.jpeg
. LC09_CU_018011_20220129_20230503_02_thumb_large.jpeg
. LE07_CU_018011_20220129_20220228_02_thumb_large.jpeg
. LC09_CU_018011_20220122_20230503_02_thumb_large.jpeg
. LE07_CU_018011_20220122_20220221_02_thumb_large.jpeg
. LC08_CU_018011_20220121_20220131_02_thumb_large.jpeg
. LC09_CU_018011_20220113_20230505_02_thumb_large.jpeg
. LE07_CU_018011_20220113_20220212_02_thumb_large.jpeg
. LC08_CU_018011_20220105_20220117_02_thumb_large.jpeg
/wspcefs/opt/tony/browse_18_11/LC08_CU_018011_20220206_20220215_02_thumb_large.jpeg
/wspcefs/opt/tony/browse_18_11/LC09_CU_018011_20220214_20230430_02_thumb_large.jpeg
/wspcefs/opt/tony/browse_18_11/LC09_CU_018011_20220530_20230420_02_thumb_large.jpeg
/wspcefs/opt/tony/browse_18_11/LC09_CU_018011_20221224_20230320_02_thumb_large.jpeg
/wspcefs/opt/tony/browse_18_11/LC08_CU_018011_20220716_20220729_02_thumb_large.jpeg
/wspcefs/opt/tony/browse_18_11/LC08_CU_018011_20221114_20221125_02_thumb_large.jpeg
/wspcefs/opt/tony/browse_18_11/LC09_CU_018011_20220403_20230429_02_thumb_large.jpeg
/wspcefs/opt/tony/browse_18_11/LC09_CU_018011_20220615_20230415_02_thumb_large.jpeg
/wspcefs/opt/tony/browse_18_11/LC09_CU_018011_20220412_20230429_02_thumb_large.jpeg
/wspcefs/opt/tony/browse_18_11/LC09_CU_018011_20220724_20230410_02_thumb_large.jpeg
/wspcefs/opt/tony/browse_18_11/LC08_CU_018011_20220810_20220821_02_thumb_large.jpeg
/wspcefs/opt/tony/browse_18_11/LC09_CU_018011_20221012_20230329_02_thumb_large.jpeg
/wspcefs/opt/tony/browse_18_11/LC08_CU_018011_20220420_20220501_02_thumb_large.jpeg
/wspcefs/opt/tony/browse_18_11/LC09_CU_018011_20220919_20230331_02_thumb_large.jpeg
/wspcefs/opt/tony/browse_18_11/LC08_CU_018011_20220529_20220606_02_thumb_large.jpeg
/wspcefs/opt/tony/browse_18_11/LC08_CU_018011_20220404_20220415_02_thumb_large.jpeg
/wspcefs/opt/tony/browse_18_11/LE07_CU_018011_20220214_20220316_02_thumb_large.jpeg
/wspcefs/opt/tony/browse_18_11/LC08_CU_018011_20220303_20220318_02_thumb_large.jpeg
/wspcefs/opt/tony/browse_18_11/LC08_CU_018011_20220215_20220226_02_thumb_large.jpeg
/wspcefs/opt/tony/browse_18_11/LC08_CU_018011_20220630_20220711_02_thumb_large.jpeg
/wspcefs/opt/tony/browse_18_11/LC09_CU_018011_20220514_20230420_02_thumb_large.jpeg
/wspcefs/opt/tony/browse_18_11/LC08_CU_018011_20221105_20221118_02_thumb_large.jpeg
/wspcefs/opt/tony/browse_18_11/LC09_CU_018011_20220505_20230420_02_thumb_large.jpeg
/wspcefs/opt/tony/browse_18_11/LC09_CU_018011_20221113_20230325_02_thumb_large.jpeg
/wspcefs/opt/tony/browse_18_11/LC08_CU_018011_20220513_20220522_02_thumb_large.jpeg
/wspcefs/opt/tony/browse_18_11/LC08_CU_018011_20220801_20220809_02_thumb_large.jpeg
/wspcefs/opt/tony/browse_18_11/LC08_CU_018011_20221121_20221202_02_thumb_large.jpeg
/wspcefs/opt/tony/browse_18_11/LC09_CU_018011_20220926_20230331_02_thumb_large.jpeg
/wspcefs/opt/tony/browse_18_11/LC09_CU_018011_20220302_20230429_02_thumb_large.jpeg
/wspcefs/opt/tony/browse_18_11/LE07_CU_018011_20220207_20220309_02_thumb_large.jpeg
/wspcefs/opt/tony/browse_18_11/LC09_CU_018011_20220717_20230410_02_thumb_large.jpeg
/wspcefs/opt/tony/browse_18_11/LC09_CU_018011_20220129_20230503_02_thumb_large.jpeg
/wspcefs/opt/tony/browse_18_11/LC08_CU_018011_20220506_20220515_02_thumb_large.jpeg
/wspcefs/opt/tony/browse_18_11/LC09_CU_018011_20221005_20230330_02_thumb_large.jpeg
/wspcefs/opt/tony/browse_18_11/LC08_CU_018011_20220310_20220325_02_thumb_large.jpeg
/wspcefs/opt/tony/browse_18_11/LC08_CU_018011_20220709_20220725_02_thumb_large.jpeg
/wspcefs/opt/tony/browse_18_11/LC08_CU_018011_20220130_20220208_02_thumb_large.jpeg
/wspcefs/opt/tony/browse_18_11/LC09_CU_018011_20221122_20230324_02_thumb_large.jpeg
/wspcefs/opt/tony/browse_18_11/LC09_CU_018011_20220910_20230401_02_thumb_large.jpeg
/wspcefs/opt/tony/browse_18_11/LE07_CU_018011_20220403_20220504_02_thumb_large.jpeg
/wspcefs/opt/tony/browse_18_11/LC09_CU_018011_20221215_20230321_02_thumb_large.jpeg
/wspcefs/opt/tony/browse_18_11/LC09_CU_018011_20220207_20230501_02_thumb_large.jpeg
/wspcefs/opt/tony/browse_18_11/LC09_CU_018011_20220701_20230412_02_thumb_large.jpeg
/wspcefs/opt/tony/browse_18_11/LC08_CU_018011_20221223_20230107_02_thumb_large.jpeg
/wspcefs/opt/tony/browse_18_11/LC08_CU_018011_20220326_20220402_02_thumb_large.jpeg
/wspcefs/opt/tony/browse_18_11/LC09_CU_018011_20220802_20230410_02_thumb_large.jpeg
/wspcefs/opt/tony/browse_18_11/LC09_CU_018011_20220113_20230505_02_thumb_large.jpeg
/wspcefs/opt/tony/browse_18_11/LC08_CU_018011_20220817_20220827_02_thumb_large.jpeg
/wspcefs/opt/tony/browse_18_11/LC08_CU_018011_20221216_20221231_02_thumb_large.jpeg
/wspcefs/opt/tony/browse_18_11/LC08_CU_018011_20221130_20221209_02_thumb_large.jpeg
/wspcefs/opt/tony/browse_18_11/LC09_CU_018011_20220606_20230416_02_thumb_large.jpeg
/wspcefs/opt/tony/browse_18_11/LC09_CU_018011_20220825_20230404_02_thumb_large.jpeg
/wspcefs/opt/tony/browse_18_11/LC08_CU_018011_20220427_20220507_02_thumb_large.jpeg
/wspcefs/opt/tony/browse_18_11/LE07_CU_018011_20220327_20220426_02_thumb_large.jpeg
/wspcefs/opt/tony/browse_18_11/LE07_CU_018011_20220129_20220228_02_thumb_large.jpeg
/wspcefs/opt/tony/browse_18_11/LC09_CU_018011_20221028_20230327_02_thumb_large.jpeg
/wspcefs/opt/tony/browse_18_11/LC08_CU_018011_20221020_20221104_02_thumb_large.jpeg
/wspcefs/opt/tony/browse_18_11/LC08_CU_018011_20220121_20220131_02_thumb_large.jpeg
/wspcefs/opt/tony/browse_18_11/LC09_CU_018011_20221106_20230326_02_thumb_large.jpeg
/wspcefs/opt/tony/browse_18_11/LC09_CU_018011_20220622_20230414_02_thumb_large.jpeg
/wspcefs/opt/tony/browse_18_11/LC09_CU_018011_20220903_20230403_02_thumb_large.jpeg
/wspcefs/opt/tony/browse_18_11/LC09_CU_018011_20221231_20230318_02_thumb_large.jpeg
/wspcefs/opt/tony/browse_18_11/LC08_CU_018011_20220918_20221002_02_thumb_large.jpeg
/wspcefs/opt/tony/browse_18_11/LC08_CU_018011_20220826_20220913_02_thumb_large.jpeg
/wspcefs/opt/tony/browse_18_11/LC09_CU_018011_20220809_20230406_02_thumb_large.jpeg
/wspcefs/opt/tony/browse_18_11/LC08_CU_018011_20221004_20221016_02_thumb_large.jpeg
/wspcefs/opt/tony/browse_18_11/LC09_CU_018011_20220327_20230429_02_thumb_large.jpeg
/wspcefs/opt/tony/browse_18_11/LC09_CU_018011_20221021_20230328_02_thumb_large.jpeg
/wspcefs/opt/tony/browse_18_11/LE07_CU_018011_20220405_20220504_02_thumb_large.jpeg
/wspcefs/opt/tony/browse_18_11/LC08_CU_018011_20220614_20220620_02_thumb_large.jpeg
/wspcefs/opt/tony/browse_18_11/LC09_CU_018011_20221208_20230321_02_thumb_large.jpeg
/wspcefs/opt/tony/browse_18_11/LC08_CU_018011_20220319_20220402_02_thumb_large.jpeg
/wspcefs/opt/tony/browse_18_11/LC08_CU_018011_20221013_20221104_02_thumb_large.jpeg
/wspcefs/opt/tony/browse_18_11/LC08_CU_018011_20220927_20221008_02_thumb_large.jpeg
/wspcefs/opt/tony/browse_18_11/LC08_CU_018011_20220623_20220709_02_thumb_large.jpeg
/wspcefs/opt/tony/browse_18_11/LE07_CU_018011_20220122_20220221_02_thumb_large.jpeg
/wspcefs/opt/tony/browse_18_11/LC08_CU_018011_20220725_20220805_02_thumb_large.jpeg
/wspcefs/opt/tony/browse_18_11/LC08_CU_018011_20220911_20220925_02_thumb_large.jpeg
/wspcefs/opt/tony/browse_18_11/LE07_CU_018011_20220302_20220401_02_thumb_large.jpeg
/wspcefs/opt/tony/browse_18_11/LC09_CU_018011_20220818_20230404_02_thumb_large.jpeg
/wspcefs/opt/tony/browse_18_11/LE07_CU_018011_20220113_20220212_02_thumb_large.jpeg
/wspcefs/opt/tony/browse_18_11/LC09_CU_018011_20220708_20230411_02_thumb_large.jpeg
/wspcefs/opt/tony/browse_18_11/LC09_CU_018011_20221129_20230323_02_thumb_large.jpeg
/wspcefs/opt/tony/browse_18_11/LC09_CU_018011_20220419_20230429_02_thumb_large.jpeg
/wspcefs/opt/tony/browse_18_11/LC08_CU_018011_20220105_20220117_02_thumb_large.jpeg
/wspcefs/opt/tony/browse_18_11/LC09_CU_018011_20220122_20230503_02_thumb_large.jpeg
/wspcefs/opt/tony/browse_18_11/LC08_CU_018011_20220411_20220423_02_thumb_large.jpeg
Building the animation ...
SUCCESS /wspcefs/opt/tony/animations/2022_18_11.gif created!
