Number of arguments: 2 arguments
Argument List: ['anim.py', '19_11_2022']
https://landsatlook.usgs.gov/stac-server
landsat-c2ard-sr
['landsat-c2l2-sr', 'landsat-c2l2-st', 'landsat-c2ard-st', 'landsat-c2l2alb-bt', 'landsat-c2l3-fsca', 'landsat-c2ard-bt', 'landsat-c2l1', 'landsat-c2l3-ba', 'landsat-c2l2alb-st', 'landsat-c2ard-sr', 'landsat-c2l2alb-sr', 'landsat-c2l2alb-ta', 'landsat-c2l3-dswe', 'landsat-c2ard-ta']
                    id                                                                                                             title
0      landsat-c2l2-sr                                                 Landsat Collection 2 Level-2 UTM Surface Reflectance (SR) Product
1      landsat-c2l2-st                                                 Landsat Collection 2 Level-2 UTM Surface Temperature (ST) Product
2     landsat-c2ard-st                       Landsat Collection 2 Analysis Ready Data (ARD) Level-2 UTM Surface Temperature (ST) Product
3   landsat-c2l2alb-bt                         Landsat Collection 2 Level-2 Albers Top of Atmosphere Brightness Temperature (BT) Product
4    landsat-c2l3-fsca                                          Landsat Collection 2 Level-3 Fractional Snow Covered Area (fSCA) Product
5     landsat-c2ard-bt  Landsat Collection 2 Analysis Ready Data (ARD) Level-2 UTM Top of Atmosphere Brightness Temperature (BT) Product
6         landsat-c2l1                                                                              Landsat Collection 2 Level-1 Product
7      landsat-c2l3-ba                                                             Landsat Collection 2 Level-3 Burned Area (BA) Product
8   landsat-c2l2alb-st                                              Landsat Collection 2 Level-2 Albers Surface Temperature (ST) Product
9     landsat-c2ard-sr                       Landsat Collection 2 Analysis Ready Data (ARD) Level-2 UTM Surface Reflectance (SR) Product
10  landsat-c2l2alb-sr                                              Landsat Collection 2 Level-2 Albers Surface Reflectance (SR) Product
11  landsat-c2l2alb-ta                                    Landsat Collection 2 Level-2 Albers Top of Atmosphere (TA) Reflectance Product
12   landsat-c2l3-dswe                                          Landsat Collection 2 Level-3 Dynamic Surface Water Extent (DSWE) Product
13    landsat-c2ard-ta             Landsat Collection 2 Analysis Ready Data (ARD) Level-2 UTM Top of Atmosphere (TA) Reflectance Product
None 2022-01-01/2022-12-31 99
85 items found
                            product  ... cloud_qa
0  usgs-landsat-ard-collection02-sr  ...      NaN
1  usgs-landsat-ard-collection02-sr  ...      NaN
2  usgs-landsat-ard-collection02-sr  ...      NaN
3  usgs-landsat-ard-collection02-sr  ...      NaN
4  usgs-landsat-ard-collection02-sr  ...      NaN

[5 rows x 17 columns]
Index(['product', 'date', 'grid', 'h', 'v', 'cc', 'fill', 'thumbnail',
       'reduced_resolution_browse', 'blue', 'green', 'red', 'nir08', 'swir16',
       'swir22', 'atmos_opacity', 'cloud_qa'],
      dtype='object')
dict_keys(['start_datetime', 'end_datetime', 'datetime', 'platform', 'instruments', 'landsat:grid_horizontal', 'landsat:grid_vertical', 'landsat:grid_region', 'landsat:scene_count', 'eo:cloud_cover', 'landsat:cloud_shadow_cover', 'landsat:snow_ice_cover', 'landsat:fill', 'proj:epsg', 'proj:shape', 'proj:transform', 'proj:wkt2', 'created', 'updated'])
s3://usgs-landsat-ard/collection02/oli-tirs/2022/CU/019/011/LC08_CU_019011_20221225_20230116_02/LC08_CU_019011_20221225_20230116_02_thumb_large.jpeg
s3://usgs-landsat-ard/collection02/oli-tirs/2022/CU/019/011/LC09_CU_019011_20221224_20230320_02/LC09_CU_019011_20221224_20230320_02_thumb_large.jpeg
s3://usgs-landsat-ard/collection02/oli-tirs/2022/CU/019/011/LC09_CU_019011_20221217_20230320_02/LC09_CU_019011_20221217_20230320_02_thumb_large.jpeg
s3://usgs-landsat-ard/collection02/oli-tirs/2022/CU/019/011/LC08_CU_019011_20221216_20221231_02/LC08_CU_019011_20221216_20221231_02_thumb_large.jpeg
s3://usgs-landsat-ard/collection02/oli-tirs/2022/CU/019/011/LC08_CU_019011_20221209_20221223_02/LC08_CU_019011_20221209_20221223_02_thumb_large.jpeg
s3://usgs-landsat-ard/collection02/oli-tirs/2022/CU/019/011/LC09_CU_019011_20221201_20230322_02/LC09_CU_019011_20221201_20230322_02_thumb_large.jpeg
s3://usgs-landsat-ard/collection02/oli-tirs/2022/CU/019/011/LC08_CU_019011_20221130_20221209_02/LC08_CU_019011_20221130_20221209_02_thumb_large.jpeg
s3://usgs-landsat-ard/collection02/oli-tirs/2022/CU/019/011/LC08_CU_019011_20221123_20221209_02/LC08_CU_019011_20221123_20221209_02_thumb_large.jpeg
s3://usgs-landsat-ard/collection02/oli-tirs/2022/CU/019/011/LC09_CU_019011_20221122_20230324_02/LC09_CU_019011_20221122_20230324_02_thumb_large.jpeg
s3://usgs-landsat-ard/collection02/oli-tirs/2022/CU/019/011/LC08_CU_019011_20221114_20221125_02/LC08_CU_019011_20221114_20221125_02_thumb_large.jpeg
s3://usgs-landsat-ard/collection02/oli-tirs/2022/CU/019/011/LC08_CU_019011_20221107_20221118_02/LC08_CU_019011_20221107_20221118_02_thumb_large.jpeg
s3://usgs-landsat-ard/collection02/oli-tirs/2022/CU/019/011/LC09_CU_019011_20221106_20230326_02/LC09_CU_019011_20221106_20230326_02_thumb_large.jpeg
s3://usgs-landsat-ard/collection02/oli-tirs/2022/CU/019/011/LC08_CU_019011_20221022_20221104_02/LC08_CU_019011_20221022_20221104_02_thumb_large.jpeg
s3://usgs-landsat-ard/collection02/oli-tirs/2022/CU/019/011/LC09_CU_019011_20221021_20230328_02/LC09_CU_019011_20221021_20230328_02_thumb_large.jpeg
s3://usgs-landsat-ard/collection02/oli-tirs/2022/CU/019/011/LC09_CU_019011_20221014_20230329_02/LC09_CU_019011_20221014_20230329_02_thumb_large.jpeg
s3://usgs-landsat-ard/collection02/oli-tirs/2022/CU/019/011/LC08_CU_019011_20221013_20221104_02/LC08_CU_019011_20221013_20221104_02_thumb_large.jpeg
s3://usgs-landsat-ard/collection02/oli-tirs/2022/CU/019/011/LC08_CU_019011_20221006_20221016_02/LC08_CU_019011_20221006_20221016_02_thumb_large.jpeg
s3://usgs-landsat-ard/collection02/oli-tirs/2022/CU/019/011/LC09_CU_019011_20221005_20230330_02/LC09_CU_019011_20221005_20230330_02_thumb_large.jpeg
s3://usgs-landsat-ard/collection02/oli-tirs/2022/CU/019/011/LC09_CU_019011_20220928_20230330_02/LC09_CU_019011_20220928_20230330_02_thumb_large.jpeg
s3://usgs-landsat-ard/collection02/oli-tirs/2022/CU/019/011/LC08_CU_019011_20220927_20221008_02/LC08_CU_019011_20220927_20221008_02_thumb_large.jpeg
s3://usgs-landsat-ard/collection02/oli-tirs/2022/CU/019/011/LC08_CU_019011_20220920_20221002_02/LC08_CU_019011_20220920_20221002_02_thumb_large.jpeg
s3://usgs-landsat-ard/collection02/oli-tirs/2022/CU/019/011/LC09_CU_019011_20220919_20230331_02/LC09_CU_019011_20220919_20230331_02_thumb_large.jpeg
s3://usgs-landsat-ard/collection02/oli-tirs/2022/CU/019/011/LC09_CU_019011_20220912_20230401_02/LC09_CU_019011_20220912_20230401_02_thumb_large.jpeg
s3://usgs-landsat-ard/collection02/oli-tirs/2022/CU/019/011/LC08_CU_019011_20220911_20220925_02/LC08_CU_019011_20220911_20220925_02_thumb_large.jpeg
s3://usgs-landsat-ard/collection02/oli-tirs/2022/CU/019/011/LC08_CU_019011_20220904_20220917_02/LC08_CU_019011_20220904_20220917_02_thumb_large.jpeg
s3://usgs-landsat-ard/collection02/oli-tirs/2022/CU/019/011/LC09_CU_019011_20220903_20230403_02/LC09_CU_019011_20220903_20230403_02_thumb_large.jpeg
s3://usgs-landsat-ard/collection02/oli-tirs/2022/CU/019/011/LC09_CU_019011_20220827_20230404_02/LC09_CU_019011_20220827_20230404_02_thumb_large.jpeg
s3://usgs-landsat-ard/collection02/oli-tirs/2022/CU/019/011/LC08_CU_019011_20220826_20220913_02/LC08_CU_019011_20220826_20220913_02_thumb_large.jpeg
s3://usgs-landsat-ard/collection02/oli-tirs/2022/CU/019/011/LC08_CU_019011_20220819_20220927_02/LC08_CU_019011_20220819_20220927_02_thumb_large.jpeg
s3://usgs-landsat-ard/collection02/oli-tirs/2022/CU/019/011/LC09_CU_019011_20220818_20230404_02/LC09_CU_019011_20220818_20230404_02_thumb_large.jpeg
s3://usgs-landsat-ard/collection02/oli-tirs/2022/CU/019/011/LC09_CU_019011_20220811_20230406_02/LC09_CU_019011_20220811_20230406_02_thumb_large.jpeg
s3://usgs-landsat-ard/collection02/oli-tirs/2022/CU/019/011/LC08_CU_019011_20220810_20220821_02/LC08_CU_019011_20220810_20220821_02_thumb_large.jpeg
s3://usgs-landsat-ard/collection02/oli-tirs/2022/CU/019/011/LC08_CU_019011_20220803_20220821_02/LC08_CU_019011_20220803_20220821_02_thumb_large.jpeg
s3://usgs-landsat-ard/collection02/oli-tirs/2022/CU/019/011/LC09_CU_019011_20220802_20230410_02/LC09_CU_019011_20220802_20230410_02_thumb_large.jpeg
s3://usgs-landsat-ard/collection02/oli-tirs/2022/CU/019/011/LC09_CU_019011_20220726_20230410_02/LC09_CU_019011_20220726_20230410_02_thumb_large.jpeg
s3://usgs-landsat-ard/collection02/oli-tirs/2022/CU/019/011/LC08_CU_019011_20220725_20220805_02/LC08_CU_019011_20220725_20220805_02_thumb_large.jpeg
s3://usgs-landsat-ard/collection02/oli-tirs/2022/CU/019/011/LC08_CU_019011_20220718_20220729_02/LC08_CU_019011_20220718_20220729_02_thumb_large.jpeg
s3://usgs-landsat-ard/collection02/oli-tirs/2022/CU/019/011/LC09_CU_019011_20220710_20230411_02/LC09_CU_019011_20220710_20230411_02_thumb_large.jpeg
s3://usgs-landsat-ard/collection02/oli-tirs/2022/CU/019/011/LC08_CU_019011_20220709_20220725_02/LC08_CU_019011_20220709_20220725_02_thumb_large.jpeg
s3://usgs-landsat-ard/collection02/oli-tirs/2022/CU/019/011/LC08_CU_019011_20220702_20220711_02/LC08_CU_019011_20220702_20220711_02_thumb_large.jpeg
s3://usgs-landsat-ard/collection02/oli-tirs/2022/CU/019/011/LC09_CU_019011_20220701_20230412_02/LC09_CU_019011_20220701_20230412_02_thumb_large.jpeg
s3://usgs-landsat-ard/collection02/oli-tirs/2022/CU/019/011/LC09_CU_019011_20220624_20230413_02/LC09_CU_019011_20220624_20230413_02_thumb_large.jpeg
s3://usgs-landsat-ard/collection02/oli-tirs/2022/CU/019/011/LC08_CU_019011_20220623_20220709_02/LC08_CU_019011_20220623_20220709_02_thumb_large.jpeg
s3://usgs-landsat-ard/collection02/oli-tirs/2022/CU/019/011/LC08_CU_019011_20220616_20220702_02/LC08_CU_019011_20220616_20220702_02_thumb_large.jpeg
s3://usgs-landsat-ard/collection02/oli-tirs/2022/CU/019/011/LC09_CU_019011_20220615_20230415_02/LC09_CU_019011_20220615_20230415_02_thumb_large.jpeg
s3://usgs-landsat-ard/collection02/oli-tirs/2022/CU/019/011/LC08_CU_019011_20220531_20220613_02/LC08_CU_019011_20220531_20220613_02_thumb_large.jpeg
s3://usgs-landsat-ard/collection02/oli-tirs/2022/CU/019/011/LC09_CU_019011_20220530_20230420_02/LC09_CU_019011_20220530_20230420_02_thumb_large.jpeg
s3://usgs-landsat-ard/collection02/oli-tirs/2022/CU/019/011/LC09_CU_019011_20220523_20230420_02/LC09_CU_019011_20220523_20230420_02_thumb_large.jpeg
s3://usgs-landsat-ard/collection02/oli-tirs/2022/CU/019/011/LC09_CU_019011_20220514_20230420_02/LC09_CU_019011_20220514_20230420_02_thumb_large.jpeg
s3://usgs-landsat-ard/collection02/oli-tirs/2022/CU/019/011/LC09_CU_019011_20220507_20230420_02/LC09_CU_019011_20220507_20230420_02_thumb_large.jpeg
s3://usgs-landsat-ard/collection02/oli-tirs/2022/CU/019/011/LC08_CU_019011_20220506_20220515_02/LC08_CU_019011_20220506_20220515_02_thumb_large.jpeg
s3://usgs-landsat-ard/collection02/oli-tirs/2022/CU/019/011/LC08_CU_019011_20220429_20220507_02/LC08_CU_019011_20220429_20220507_02_thumb_large.jpeg
s3://usgs-landsat-ard/collection02/oli-tirs/2022/CU/019/011/LC09_CU_019011_20220421_20230429_02/LC09_CU_019011_20220421_20230429_02_thumb_large.jpeg
s3://usgs-landsat-ard/collection02/oli-tirs/2022/CU/019/011/LC08_CU_019011_20220420_20220501_02/LC08_CU_019011_20220420_20220501_02_thumb_large.jpeg
s3://usgs-landsat-ard/collection02/oli-tirs/2022/CU/019/011/LC09_CU_019011_20220412_20230429_02/LC09_CU_019011_20220412_20230429_02_thumb_large.jpeg
s3://usgs-landsat-ard/collection02/oli-tirs/2022/CU/019/011/LC09_CU_019011_20220405_20230429_02/LC09_CU_019011_20220405_20230429_02_thumb_large.jpeg
s3://usgs-landsat-ard/collection02/etm/2022/CU/019/011/LE07_CU_019011_20220405_20220504_02/LE07_CU_019011_20220405_20220504_02_thumb_large.jpeg
s3://usgs-landsat-ard/collection02/oli-tirs/2022/CU/019/011/LC08_CU_019011_20220404_20220415_02/LC08_CU_019011_20220404_20220415_02_thumb_large.jpeg
s3://usgs-landsat-ard/collection02/etm/2022/CU/019/011/LE07_CU_019011_20220329_20220428_02/LE07_CU_019011_20220329_20220428_02_thumb_large.jpeg
s3://usgs-landsat-ard/collection02/oli-tirs/2022/CU/019/011/LC08_CU_019011_20220328_20220409_02/LC08_CU_019011_20220328_20220409_02_thumb_large.jpeg
s3://usgs-landsat-ard/collection02/oli-tirs/2022/CU/019/011/LC09_CU_019011_20220327_20230429_02/LC09_CU_019011_20220327_20230429_02_thumb_large.jpeg
s3://usgs-landsat-ard/collection02/etm/2022/CU/019/011/LE07_CU_019011_20220327_20220426_02/LE07_CU_019011_20220327_20220426_02_thumb_large.jpeg
s3://usgs-landsat-ard/collection02/oli-tirs/2022/CU/019/011/LC09_CU_019011_20220320_20230429_02/LC09_CU_019011_20220320_20230429_02_thumb_large.jpeg
s3://usgs-landsat-ard/collection02/etm/2022/CU/019/011/LE07_CU_019011_20220320_20220422_02/LE07_CU_019011_20220320_20220422_02_thumb_large.jpeg
s3://usgs-landsat-ard/collection02/oli-tirs/2022/CU/019/011/LC08_CU_019011_20220319_20220402_02/LC08_CU_019011_20220319_20220402_02_thumb_large.jpeg
s3://usgs-landsat-ard/collection02/etm/2022/CU/019/011/LE07_CU_019011_20220313_20220414_02/LE07_CU_019011_20220313_20220414_02_thumb_large.jpeg
s3://usgs-landsat-ard/collection02/oli-tirs/2022/CU/019/011/LC08_CU_019011_20220312_20220325_02/LC08_CU_019011_20220312_20220325_02_thumb_large.jpeg
s3://usgs-landsat-ard/collection02/oli-tirs/2022/CU/019/011/LC09_CU_019011_20220304_20230429_02/LC09_CU_019011_20220304_20230429_02_thumb_large.jpeg
s3://usgs-landsat-ard/collection02/etm/2022/CU/019/011/LE07_CU_019011_20220304_20220403_02/LE07_CU_019011_20220304_20220403_02_thumb_large.jpeg
s3://usgs-landsat-ard/collection02/oli-tirs/2022/CU/019/011/LC08_CU_019011_20220303_20220318_02/LC08_CU_019011_20220303_20220318_02_thumb_large.jpeg
s3://usgs-landsat-ard/collection02/oli-tirs/2022/CU/019/011/LC08_CU_019011_20220224_20220305_02/LC08_CU_019011_20220224_20220305_02_thumb_large.jpeg
s3://usgs-landsat-ard/collection02/etm/2022/CU/019/011/LE07_CU_019011_20220216_20220318_02/LE07_CU_019011_20220216_20220318_02_thumb_large.jpeg
s3://usgs-landsat-ard/collection02/oli-tirs/2022/CU/019/011/LC08_CU_019011_20220215_20220226_02/LC08_CU_019011_20220215_20220226_02_thumb_large.jpeg
s3://usgs-landsat-ard/collection02/etm/2022/CU/019/011/LE07_CU_019011_20220209_20220311_02/LE07_CU_019011_20220209_20220311_02_thumb_large.jpeg
s3://usgs-landsat-ard/collection02/oli-tirs/2022/CU/019/011/LC08_CU_019011_20220208_20220226_02/LC08_CU_019011_20220208_20220226_02_thumb_large.jpeg
s3://usgs-landsat-ard/collection02/oli-tirs/2022/CU/019/011/LC09_CU_019011_20220207_20230501_02/LC09_CU_019011_20220207_20230501_02_thumb_large.jpeg
s3://usgs-landsat-ard/collection02/etm/2022/CU/019/011/LE07_CU_019011_20220207_20220309_02/LE07_CU_019011_20220207_20220309_02_thumb_large.jpeg
s3://usgs-landsat-ard/collection02/oli-tirs/2022/CU/019/011/LC09_CU_019011_20220131_20230503_02/LC09_CU_019011_20220131_20230503_02_thumb_large.jpeg
s3://usgs-landsat-ard/collection02/etm/2022/CU/019/011/LE07_CU_019011_20220131_20220302_02/LE07_CU_019011_20220131_20220302_02_thumb_large.jpeg
s3://usgs-landsat-ard/collection02/oli-tirs/2022/CU/019/011/LC08_CU_019011_20220130_20220208_02/LC08_CU_019011_20220130_20220208_02_thumb_large.jpeg
s3://usgs-landsat-ard/collection02/etm/2022/CU/019/011/LE07_CU_019011_20220124_20220223_02/LE07_CU_019011_20220124_20220223_02_thumb_large.jpeg
s3://usgs-landsat-ard/collection02/oli-tirs/2022/CU/019/011/LC08_CU_019011_20220123_20220131_02/LC08_CU_019011_20220123_20220131_02_thumb_large.jpeg
s3://usgs-landsat-ard/collection02/oli-tirs/2022/CU/019/011/LC09_CU_019011_20220122_20230503_02/LC09_CU_019011_20220122_20230503_02_thumb_large.jpeg
s3://usgs-landsat-ard/collection02/etm/2022/CU/019/011/LE07_CU_019011_20220122_20220221_02/LE07_CU_019011_20220122_20220221_02_thumb_large.jpeg
s3://usgs-landsat-ard/collection02/oli-tirs/2022/CU/019/011/LC08_CU_019011_20220107_20220117_02/LC08_CU_019011_20220107_20220117_02_thumb_large.jpeg
s3://usgs-landsat-ard/collection02/oli-tirs/2022/CU/019/011/LC08_CU_019011_20221225_20230116_02/LC08_CU_019011_20221225_20230116_02_thumb_large.jpeg
. LC08_CU_019011_20221225_20230116_02_thumb_large.jpeg
. LC08_CU_019011_20221225_20230116_02_thumb_large.jpeg
. LC09_CU_019011_20221224_20230320_02_thumb_large.jpeg
. LC09_CU_019011_20221217_20230320_02_thumb_large.jpeg
. LC08_CU_019011_20221216_20221231_02_thumb_large.jpeg
. LC08_CU_019011_20221209_20221223_02_thumb_large.jpeg
. LC09_CU_019011_20221201_20230322_02_thumb_large.jpeg
. LC08_CU_019011_20221130_20221209_02_thumb_large.jpeg
. LC08_CU_019011_20221123_20221209_02_thumb_large.jpeg
. LC09_CU_019011_20221122_20230324_02_thumb_large.jpeg
. LC08_CU_019011_20221114_20221125_02_thumb_large.jpeg
. LC08_CU_019011_20221107_20221118_02_thumb_large.jpeg
. LC09_CU_019011_20221106_20230326_02_thumb_large.jpeg
. LC08_CU_019011_20221022_20221104_02_thumb_large.jpeg
. LC09_CU_019011_20221021_20230328_02_thumb_large.jpeg
. LC09_CU_019011_20221014_20230329_02_thumb_large.jpeg
. LC08_CU_019011_20221013_20221104_02_thumb_large.jpeg
. LC08_CU_019011_20221006_20221016_02_thumb_large.jpeg
. LC09_CU_019011_20221005_20230330_02_thumb_large.jpeg
. LC09_CU_019011_20220928_20230330_02_thumb_large.jpeg
. LC08_CU_019011_20220927_20221008_02_thumb_large.jpeg
. LC08_CU_019011_20220920_20221002_02_thumb_large.jpeg
. LC09_CU_019011_20220919_20230331_02_thumb_large.jpeg
. LC09_CU_019011_20220912_20230401_02_thumb_large.jpeg
. LC08_CU_019011_20220911_20220925_02_thumb_large.jpeg
. LC08_CU_019011_20220904_20220917_02_thumb_large.jpeg
. LC09_CU_019011_20220903_20230403_02_thumb_large.jpeg
. LC09_CU_019011_20220827_20230404_02_thumb_large.jpeg
. LC08_CU_019011_20220826_20220913_02_thumb_large.jpeg
. LC08_CU_019011_20220819_20220927_02_thumb_large.jpeg
. LC09_CU_019011_20220818_20230404_02_thumb_large.jpeg
. LC09_CU_019011_20220811_20230406_02_thumb_large.jpeg
. LC08_CU_019011_20220810_20220821_02_thumb_large.jpeg
. LC08_CU_019011_20220803_20220821_02_thumb_large.jpeg
. LC09_CU_019011_20220802_20230410_02_thumb_large.jpeg
. LC09_CU_019011_20220726_20230410_02_thumb_large.jpeg
. LC08_CU_019011_20220725_20220805_02_thumb_large.jpeg
. LC08_CU_019011_20220718_20220729_02_thumb_large.jpeg
. LC09_CU_019011_20220710_20230411_02_thumb_large.jpeg
. LC08_CU_019011_20220709_20220725_02_thumb_large.jpeg
. LC08_CU_019011_20220702_20220711_02_thumb_large.jpeg
. LC09_CU_019011_20220701_20230412_02_thumb_large.jpeg
. LC09_CU_019011_20220624_20230413_02_thumb_large.jpeg
. LC08_CU_019011_20220623_20220709_02_thumb_large.jpeg
. LC08_CU_019011_20220616_20220702_02_thumb_large.jpeg
. LC09_CU_019011_20220615_20230415_02_thumb_large.jpeg
. LC08_CU_019011_20220531_20220613_02_thumb_large.jpeg
. LC09_CU_019011_20220530_20230420_02_thumb_large.jpeg
. LC09_CU_019011_20220523_20230420_02_thumb_large.jpeg
. LC09_CU_019011_20220514_20230420_02_thumb_large.jpeg
. LC09_CU_019011_20220507_20230420_02_thumb_large.jpeg
. LC08_CU_019011_20220506_20220515_02_thumb_large.jpeg
. LC08_CU_019011_20220429_20220507_02_thumb_large.jpeg
. LC09_CU_019011_20220421_20230429_02_thumb_large.jpeg
. LC08_CU_019011_20220420_20220501_02_thumb_large.jpeg
. LC09_CU_019011_20220412_20230429_02_thumb_large.jpeg
. LC09_CU_019011_20220405_20230429_02_thumb_large.jpeg
. LE07_CU_019011_20220405_20220504_02_thumb_large.jpeg
. LC08_CU_019011_20220404_20220415_02_thumb_large.jpeg
. LE07_CU_019011_20220329_20220428_02_thumb_large.jpeg
. LC08_CU_019011_20220328_20220409_02_thumb_large.jpeg
. LC09_CU_019011_20220327_20230429_02_thumb_large.jpeg
. LE07_CU_019011_20220327_20220426_02_thumb_large.jpeg
. LC09_CU_019011_20220320_20230429_02_thumb_large.jpeg
. LE07_CU_019011_20220320_20220422_02_thumb_large.jpeg
. LC08_CU_019011_20220319_20220402_02_thumb_large.jpeg
. LE07_CU_019011_20220313_20220414_02_thumb_large.jpeg
. LC08_CU_019011_20220312_20220325_02_thumb_large.jpeg
. LC09_CU_019011_20220304_20230429_02_thumb_large.jpeg
. LE07_CU_019011_20220304_20220403_02_thumb_large.jpeg
. LC08_CU_019011_20220303_20220318_02_thumb_large.jpeg
. LC08_CU_019011_20220224_20220305_02_thumb_large.jpeg
. LE07_CU_019011_20220216_20220318_02_thumb_large.jpeg
. LC08_CU_019011_20220215_20220226_02_thumb_large.jpeg
. LE07_CU_019011_20220209_20220311_02_thumb_large.jpeg
. LC08_CU_019011_20220208_20220226_02_thumb_large.jpeg
. LC09_CU_019011_20220207_20230501_02_thumb_large.jpeg
. LE07_CU_019011_20220207_20220309_02_thumb_large.jpeg
. LC09_CU_019011_20220131_20230503_02_thumb_large.jpeg
. LE07_CU_019011_20220131_20220302_02_thumb_large.jpeg
. LC08_CU_019011_20220130_20220208_02_thumb_large.jpeg
. LE07_CU_019011_20220124_20220223_02_thumb_large.jpeg
. LC08_CU_019011_20220123_20220131_02_thumb_large.jpeg
. LC09_CU_019011_20220122_20230503_02_thumb_large.jpeg
. LE07_CU_019011_20220122_20220221_02_thumb_large.jpeg
. LC08_CU_019011_20220107_20220117_02_thumb_large.jpeg
/wspcefs/opt/tony/browse_19_11/LC09_CU_019011_20220131_20230503_02_thumb_large.jpeg
/wspcefs/opt/tony/browse_19_11/LC08_CU_019011_20221006_20221016_02_thumb_large.jpeg
/wspcefs/opt/tony/browse_19_11/LE07_CU_019011_20220304_20220403_02_thumb_large.jpeg
/wspcefs/opt/tony/browse_19_11/LE07_CU_019011_20220124_20220223_02_thumb_large.jpeg
/wspcefs/opt/tony/browse_19_11/LC09_CU_019011_20220122_20230503_02_thumb_large.jpeg
/wspcefs/opt/tony/browse_19_11/LC08_CU_019011_20220319_20220402_02_thumb_large.jpeg
/wspcefs/opt/tony/browse_19_11/LC08_CU_019011_20221225_20230116_02_thumb_large.jpeg
/wspcefs/opt/tony/browse_19_11/LC08_CU_019011_20221123_20221209_02_thumb_large.jpeg
/wspcefs/opt/tony/browse_19_11/LC09_CU_019011_20221021_20230328_02_thumb_large.jpeg
/wspcefs/opt/tony/browse_19_11/LC09_CU_019011_20220912_20230401_02_thumb_large.jpeg
/wspcefs/opt/tony/browse_19_11/LE07_CU_019011_20220405_20220504_02_thumb_large.jpeg
/wspcefs/opt/tony/browse_19_11/LC08_CU_019011_20220531_20220613_02_thumb_large.jpeg
/wspcefs/opt/tony/browse_19_11/LC09_CU_019011_20220928_20230330_02_thumb_large.jpeg
/wspcefs/opt/tony/browse_19_11/LC08_CU_019011_20220725_20220805_02_thumb_large.jpeg
/wspcefs/opt/tony/browse_19_11/LC08_CU_019011_20220123_20220131_02_thumb_large.jpeg
/wspcefs/opt/tony/browse_19_11/LC08_CU_019011_20221022_20221104_02_thumb_large.jpeg
/wspcefs/opt/tony/browse_19_11/LE07_CU_019011_20220122_20220221_02_thumb_large.jpeg
/wspcefs/opt/tony/browse_19_11/LC09_CU_019011_20220818_20230404_02_thumb_large.jpeg
/wspcefs/opt/tony/browse_19_11/LC08_CU_019011_20220911_20220925_02_thumb_large.jpeg
/wspcefs/opt/tony/browse_19_11/LC08_CU_019011_20221013_20221104_02_thumb_large.jpeg
/wspcefs/opt/tony/browse_19_11/LC08_CU_019011_20220927_20221008_02_thumb_large.jpeg
/wspcefs/opt/tony/browse_19_11/LC08_CU_019011_20220623_20220709_02_thumb_large.jpeg
/wspcefs/opt/tony/browse_19_11/LE07_CU_019011_20220131_20220302_02_thumb_large.jpeg
/wspcefs/opt/tony/browse_19_11/LC09_CU_019011_20220827_20230404_02_thumb_large.jpeg
/wspcefs/opt/tony/browse_19_11/LC08_CU_019011_20220429_20220507_02_thumb_large.jpeg
/wspcefs/opt/tony/browse_19_11/LC08_CU_019011_20221130_20221209_02_thumb_large.jpeg
/wspcefs/opt/tony/browse_19_11/LC08_CU_019011_20221216_20221231_02_thumb_large.jpeg
/wspcefs/opt/tony/browse_19_11/LE07_CU_019011_20220209_20220311_02_thumb_large.jpeg
/wspcefs/opt/tony/browse_19_11/LC09_CU_019011_20221122_20230324_02_thumb_large.jpeg
/wspcefs/opt/tony/browse_19_11/LC08_CU_019011_20220107_20220117_02_thumb_large.jpeg
/wspcefs/opt/tony/browse_19_11/LC09_CU_019011_20220701_20230412_02_thumb_large.jpeg
/wspcefs/opt/tony/browse_19_11/LE07_CU_019011_20220313_20220414_02_thumb_large.jpeg
/wspcefs/opt/tony/browse_19_11/LC09_CU_019011_20220207_20230501_02_thumb_large.jpeg
/wspcefs/opt/tony/browse_19_11/LC09_CU_019011_20220802_20230410_02_thumb_large.jpeg
/wspcefs/opt/tony/browse_19_11/LE07_CU_019011_20220327_20220426_02_thumb_large.jpeg
/wspcefs/opt/tony/browse_19_11/LC09_CU_019011_20220903_20230403_02_thumb_large.jpeg
/wspcefs/opt/tony/browse_19_11/LC09_CU_019011_20221106_20230326_02_thumb_large.jpeg
/wspcefs/opt/tony/browse_19_11/LE07_CU_019011_20220329_20220428_02_thumb_large.jpeg
/wspcefs/opt/tony/browse_19_11/LC09_CU_019011_20220327_20230429_02_thumb_large.jpeg
/wspcefs/opt/tony/browse_19_11/LC09_CU_019011_20221201_20230322_02_thumb_large.jpeg
/wspcefs/opt/tony/browse_19_11/LC08_CU_019011_20220826_20220913_02_thumb_large.jpeg
/wspcefs/opt/tony/browse_19_11/LC09_CU_019011_20220710_20230411_02_thumb_large.jpeg
/wspcefs/opt/tony/browse_19_11/LC08_CU_019011_20221114_20221125_02_thumb_large.jpeg
/wspcefs/opt/tony/browse_19_11/LC08_CU_019011_20220224_20220305_02_thumb_large.jpeg
/wspcefs/opt/tony/browse_19_11/LC09_CU_019011_20221224_20230320_02_thumb_large.jpeg
/wspcefs/opt/tony/browse_19_11/LC08_CU_019011_20220312_20220325_02_thumb_large.jpeg
/wspcefs/opt/tony/browse_19_11/LC09_CU_019011_20220530_20230420_02_thumb_large.jpeg
/wspcefs/opt/tony/browse_19_11/LC09_CU_019011_20220615_20230415_02_thumb_large.jpeg
/wspcefs/opt/tony/browse_19_11/LC09_CU_019011_20220412_20230429_02_thumb_large.jpeg
/wspcefs/opt/tony/browse_19_11/LC09_CU_019011_20220421_20230429_02_thumb_large.jpeg
/wspcefs/opt/tony/browse_19_11/LC09_CU_019011_20220304_20230429_02_thumb_large.jpeg
/wspcefs/opt/tony/browse_19_11/LC08_CU_019011_20220819_20220927_02_thumb_large.jpeg
/wspcefs/opt/tony/browse_19_11/LC09_CU_019011_20220507_20230420_02_thumb_large.jpeg
/wspcefs/opt/tony/browse_19_11/LC08_CU_019011_20221107_20221118_02_thumb_large.jpeg
/wspcefs/opt/tony/browse_19_11/LC08_CU_019011_20221209_20221223_02_thumb_large.jpeg
/wspcefs/opt/tony/browse_19_11/LC08_CU_019011_20220208_20220226_02_thumb_large.jpeg
/wspcefs/opt/tony/browse_19_11/LC08_CU_019011_20220810_20220821_02_thumb_large.jpeg
/wspcefs/opt/tony/browse_19_11/LC08_CU_019011_20220420_20220501_02_thumb_large.jpeg
/wspcefs/opt/tony/browse_19_11/LC09_CU_019011_20220919_20230331_02_thumb_large.jpeg
/wspcefs/opt/tony/browse_19_11/LC08_CU_019011_20220718_20220729_02_thumb_large.jpeg
/wspcefs/opt/tony/browse_19_11/LC09_CU_019011_20220523_20230420_02_thumb_large.jpeg
/wspcefs/opt/tony/browse_19_11/LC08_CU_019011_20220702_20220711_02_thumb_large.jpeg
/wspcefs/opt/tony/browse_19_11/LC08_CU_019011_20220404_20220415_02_thumb_large.jpeg
/wspcefs/opt/tony/browse_19_11/LC08_CU_019011_20220303_20220318_02_thumb_large.jpeg
/wspcefs/opt/tony/browse_19_11/LC08_CU_019011_20220215_20220226_02_thumb_large.jpeg
/wspcefs/opt/tony/browse_19_11/LC09_CU_019011_20221217_20230320_02_thumb_large.jpeg
/wspcefs/opt/tony/browse_19_11/LC09_CU_019011_20220514_20230420_02_thumb_large.jpeg
/wspcefs/opt/tony/browse_19_11/LC08_CU_019011_20220328_20220409_02_thumb_large.jpeg
/wspcefs/opt/tony/browse_19_11/LC09_CU_019011_20220405_20230429_02_thumb_large.jpeg
/wspcefs/opt/tony/browse_19_11/LC08_CU_019011_20220616_20220702_02_thumb_large.jpeg
/wspcefs/opt/tony/browse_19_11/LC09_CU_019011_20220726_20230410_02_thumb_large.jpeg
/wspcefs/opt/tony/browse_19_11/LC08_CU_019011_20220506_20220515_02_thumb_large.jpeg
/wspcefs/opt/tony/browse_19_11/LC09_CU_019011_20221014_20230329_02_thumb_large.jpeg
/wspcefs/opt/tony/browse_19_11/LC08_CU_019011_20220803_20220821_02_thumb_large.jpeg
/wspcefs/opt/tony/browse_19_11/LE07_CU_019011_20220216_20220318_02_thumb_large.jpeg
/wspcefs/opt/tony/browse_19_11/LC09_CU_019011_20220811_20230406_02_thumb_large.jpeg
/wspcefs/opt/tony/browse_19_11/LC09_CU_019011_20220624_20230413_02_thumb_large.jpeg
/wspcefs/opt/tony/browse_19_11/LE07_CU_019011_20220207_20220309_02_thumb_large.jpeg
/wspcefs/opt/tony/browse_19_11/LC09_CU_019011_20220320_20230429_02_thumb_large.jpeg
/wspcefs/opt/tony/browse_19_11/LC08_CU_019011_20220130_20220208_02_thumb_large.jpeg
/wspcefs/opt/tony/browse_19_11/LC08_CU_019011_20220904_20220917_02_thumb_large.jpeg
/wspcefs/opt/tony/browse_19_11/LC08_CU_019011_20220709_20220725_02_thumb_large.jpeg
/wspcefs/opt/tony/browse_19_11/LE07_CU_019011_20220320_20220422_02_thumb_large.jpeg
/wspcefs/opt/tony/browse_19_11/LC09_CU_019011_20221005_20230330_02_thumb_large.jpeg
/wspcefs/opt/tony/browse_19_11/LC08_CU_019011_20220920_20221002_02_thumb_large.jpeg
Building the animation ...
SUCCESS /wspcefs/opt/tony/animations/2022_19_11.gif created!
