Number of arguments: 2 arguments
Argument List: ['anim.py', '20_13_2022']
https://landsatlook.usgs.gov/stac-server
landsat-c2ard-sr
['landsat-c2l2-sr', 'landsat-c2l2-st', 'landsat-c2ard-st', 'landsat-c2l2alb-bt', 'landsat-c2l3-fsca', 'landsat-c2ard-bt', 'landsat-c2l1', 'landsat-c2l3-ba', 'landsat-c2l2alb-st', 'landsat-c2ard-sr', 'landsat-c2l2alb-sr', 'landsat-c2l2alb-ta', 'landsat-c2l3-dswe', 'landsat-c2ard-ta']
                    id                                                                                                             title
0      landsat-c2l2-sr                                                 Landsat Collection 2 Level-2 UTM Surface Reflectance (SR) Product
1      landsat-c2l2-st                                                 Landsat Collection 2 Level-2 UTM Surface Temperature (ST) Product
2     landsat-c2ard-st                       Landsat Collection 2 Analysis Ready Data (ARD) Level-2 UTM Surface Temperature (ST) Product
3   landsat-c2l2alb-bt                         Landsat Collection 2 Level-2 Albers Top of Atmosphere Brightness Temperature (BT) Product
4    landsat-c2l3-fsca                                          Landsat Collection 2 Level-3 Fractional Snow Covered Area (fSCA) Product
5     landsat-c2ard-bt  Landsat Collection 2 Analysis Ready Data (ARD) Level-2 UTM Top of Atmosphere Brightness Temperature (BT) Product
6         landsat-c2l1                                                                              Landsat Collection 2 Level-1 Product
7      landsat-c2l3-ba                                                             Landsat Collection 2 Level-3 Burned Area (BA) Product
8   landsat-c2l2alb-st                                              Landsat Collection 2 Level-2 Albers Surface Temperature (ST) Product
9     landsat-c2ard-sr                       Landsat Collection 2 Analysis Ready Data (ARD) Level-2 UTM Surface Reflectance (SR) Product
10  landsat-c2l2alb-sr                                              Landsat Collection 2 Level-2 Albers Surface Reflectance (SR) Product
11  landsat-c2l2alb-ta                                    Landsat Collection 2 Level-2 Albers Top of Atmosphere (TA) Reflectance Product
12   landsat-c2l3-dswe                                          Landsat Collection 2 Level-3 Dynamic Surface Water Extent (DSWE) Product
13    landsat-c2ard-ta             Landsat Collection 2 Analysis Ready Data (ARD) Level-2 UTM Top of Atmosphere (TA) Reflectance Product
None 2022-01-01/2022-12-31 99
123 items found
                            product  ... cloud_qa
0  usgs-landsat-ard-collection02-sr  ...      NaN
1  usgs-landsat-ard-collection02-sr  ...      NaN
2  usgs-landsat-ard-collection02-sr  ...      NaN
3  usgs-landsat-ard-collection02-sr  ...      NaN
4  usgs-landsat-ard-collection02-sr  ...      NaN

[5 rows x 17 columns]
Index(['product', 'date', 'grid', 'h', 'v', 'cc', 'fill', 'thumbnail',
       'reduced_resolution_browse', 'blue', 'green', 'red', 'nir08', 'swir16',
       'swir22', 'atmos_opacity', 'cloud_qa'],
      dtype='object')
dict_keys(['start_datetime', 'end_datetime', 'datetime', 'platform', 'instruments', 'landsat:grid_horizontal', 'landsat:grid_vertical', 'landsat:grid_region', 'landsat:scene_count', 'eo:cloud_cover', 'landsat:cloud_shadow_cover', 'landsat:snow_ice_cover', 'landsat:fill', 'proj:epsg', 'proj:shape', 'proj:transform', 'proj:wkt2', 'created', 'updated'])
s3://usgs-landsat-ard/collection02/oli-tirs/2022/CU/020/013/LC08_CU_020013_20221227_20230116_02/LC08_CU_020013_20221227_20230116_02_thumb_large.jpeg
s3://usgs-landsat-ard/collection02/oli-tirs/2022/CU/020/013/LC08_CU_020013_20221225_20230116_02/LC08_CU_020013_20221225_20230116_02_thumb_large.jpeg
s3://usgs-landsat-ard/collection02/oli-tirs/2022/CU/020/013/LC08_CU_020013_20221218_20221231_02/LC08_CU_020013_20221218_20221231_02_thumb_large.jpeg
s3://usgs-landsat-ard/collection02/oli-tirs/2022/CU/020/013/LC09_CU_020013_20221217_20230320_02/LC09_CU_020013_20221217_20230320_02_thumb_large.jpeg
s3://usgs-landsat-ard/collection02/oli-tirs/2022/CU/020/013/LC08_CU_020013_20221209_20221223_02/LC08_CU_020013_20221209_20221223_02_thumb_large.jpeg
s3://usgs-landsat-ard/collection02/oli-tirs/2022/CU/020/013/LC09_CU_020013_20221203_20230322_02/LC09_CU_020013_20221203_20230322_02_thumb_large.jpeg
s3://usgs-landsat-ard/collection02/oli-tirs/2022/CU/020/013/LC08_CU_020013_20221202_20221216_02/LC08_CU_020013_20221202_20221216_02_thumb_large.jpeg
s3://usgs-landsat-ard/collection02/oli-tirs/2022/CU/020/013/LC09_CU_020013_20221201_20230323_02/LC09_CU_020013_20221201_20230323_02_thumb_large.jpeg
s3://usgs-landsat-ard/collection02/oli-tirs/2022/CU/020/013/LC08_CU_020013_20221125_20221209_02/LC08_CU_020013_20221125_20221209_02_thumb_large.jpeg
s3://usgs-landsat-ard/collection02/oli-tirs/2022/CU/020/013/LC08_CU_020013_20221123_20221209_02/LC08_CU_020013_20221123_20221209_02_thumb_large.jpeg
s3://usgs-landsat-ard/collection02/oli-tirs/2022/CU/020/013/LC09_CU_020013_20221117_20230325_02/LC09_CU_020013_20221117_20230325_02_thumb_large.jpeg
s3://usgs-landsat-ard/collection02/oli-tirs/2022/CU/020/013/LC08_CU_020013_20221116_20221202_02/LC08_CU_020013_20221116_20221202_02_thumb_large.jpeg
s3://usgs-landsat-ard/collection02/oli-tirs/2022/CU/020/013/LC09_CU_020013_20221115_20230325_02/LC09_CU_020013_20221115_20230325_02_thumb_large.jpeg
s3://usgs-landsat-ard/collection02/oli-tirs/2022/CU/020/013/LC08_CU_020013_20221109_20221125_02/LC08_CU_020013_20221109_20221125_02_thumb_large.jpeg
s3://usgs-landsat-ard/collection02/oli-tirs/2022/CU/020/013/LC09_CU_020013_20221108_20230325_02/LC09_CU_020013_20221108_20230325_02_thumb_large.jpeg
s3://usgs-landsat-ard/collection02/oli-tirs/2022/CU/020/013/LC09_CU_020013_20221101_20230326_02/LC09_CU_020013_20221101_20230326_02_thumb_large.jpeg
s3://usgs-landsat-ard/collection02/oli-tirs/2022/CU/020/013/LC08_CU_020013_20221031_20221111_02/LC08_CU_020013_20221031_20221111_02_thumb_large.jpeg
s3://usgs-landsat-ard/collection02/oli-tirs/2022/CU/020/013/LC09_CU_020013_20221030_20230326_02/LC09_CU_020013_20221030_20230326_02_thumb_large.jpeg
s3://usgs-landsat-ard/collection02/oli-tirs/2022/CU/020/013/LC08_CU_020013_20221024_20221111_02/LC08_CU_020013_20221024_20221111_02_thumb_large.jpeg
s3://usgs-landsat-ard/collection02/oli-tirs/2022/CU/020/013/LC09_CU_020013_20221023_20230328_02/LC09_CU_020013_20221023_20230328_02_thumb_large.jpeg
s3://usgs-landsat-ard/collection02/oli-tirs/2022/CU/020/013/LC08_CU_020013_20221022_20221104_02/LC08_CU_020013_20221022_20221104_02_thumb_large.jpeg
s3://usgs-landsat-ard/collection02/oli-tirs/2022/CU/020/013/LC08_CU_020013_20221015_20221024_02/LC08_CU_020013_20221015_20221024_02_thumb_large.jpeg
s3://usgs-landsat-ard/collection02/oli-tirs/2022/CU/020/013/LC09_CU_020013_20221014_20230329_02/LC09_CU_020013_20221014_20230329_02_thumb_large.jpeg
s3://usgs-landsat-ard/collection02/oli-tirs/2022/CU/020/013/LC08_CU_020013_20221008_20221016_02/LC08_CU_020013_20221008_20221016_02_thumb_large.jpeg
s3://usgs-landsat-ard/collection02/oli-tirs/2022/CU/020/013/LC09_CU_020013_20221007_20230329_02/LC09_CU_020013_20221007_20230329_02_thumb_large.jpeg
s3://usgs-landsat-ard/collection02/oli-tirs/2022/CU/020/013/LC08_CU_020013_20221006_20221016_02/LC08_CU_020013_20221006_20221016_02_thumb_large.jpeg
s3://usgs-landsat-ard/collection02/oli-tirs/2022/CU/020/013/LC09_CU_020013_20220930_20230330_02/LC09_CU_020013_20220930_20230330_02_thumb_large.jpeg
s3://usgs-landsat-ard/collection02/oli-tirs/2022/CU/020/013/LC08_CU_020013_20220929_20221008_02/LC08_CU_020013_20220929_20221008_02_thumb_large.jpeg
s3://usgs-landsat-ard/collection02/oli-tirs/2022/CU/020/013/LC09_CU_020013_20220928_20230330_02/LC09_CU_020013_20220928_20230330_02_thumb_large.jpeg
s3://usgs-landsat-ard/collection02/oli-tirs/2022/CU/020/013/LC08_CU_020013_20220922_20221002_02/LC08_CU_020013_20220922_20221002_02_thumb_large.jpeg
s3://usgs-landsat-ard/collection02/oli-tirs/2022/CU/020/013/LC09_CU_020013_20220921_20230331_02/LC09_CU_020013_20220921_20230331_02_thumb_large.jpeg
s3://usgs-landsat-ard/collection02/oli-tirs/2022/CU/020/013/LC08_CU_020013_20220920_20221002_02/LC08_CU_020013_20220920_20221002_02_thumb_large.jpeg
s3://usgs-landsat-ard/collection02/oli-tirs/2022/CU/020/013/LC09_CU_020013_20220914_20230401_02/LC09_CU_020013_20220914_20230401_02_thumb_large.jpeg
s3://usgs-landsat-ard/collection02/oli-tirs/2022/CU/020/013/LC09_CU_020013_20220912_20230401_02/LC09_CU_020013_20220912_20230401_02_thumb_large.jpeg
s3://usgs-landsat-ard/collection02/oli-tirs/2022/CU/020/013/LC08_CU_020013_20220906_20220917_02/LC08_CU_020013_20220906_20220917_02_thumb_large.jpeg
s3://usgs-landsat-ard/collection02/oli-tirs/2022/CU/020/013/LC09_CU_020013_20220905_20230402_02/LC09_CU_020013_20220905_20230402_02_thumb_large.jpeg
s3://usgs-landsat-ard/collection02/oli-tirs/2022/CU/020/013/LC08_CU_020013_20220904_20220917_02/LC08_CU_020013_20220904_20220917_02_thumb_large.jpeg
s3://usgs-landsat-ard/collection02/oli-tirs/2022/CU/020/013/LC09_CU_020013_20220829_20230403_02/LC09_CU_020013_20220829_20230403_02_thumb_large.jpeg
s3://usgs-landsat-ard/collection02/oli-tirs/2022/CU/020/013/LC08_CU_020013_20220828_20220913_02/LC08_CU_020013_20220828_20220913_02_thumb_large.jpeg
s3://usgs-landsat-ard/collection02/oli-tirs/2022/CU/020/013/LC09_CU_020013_20220827_20230404_02/LC09_CU_020013_20220827_20230404_02_thumb_large.jpeg
s3://usgs-landsat-ard/collection02/oli-tirs/2022/CU/020/013/LC08_CU_020013_20220821_20220927_02/LC08_CU_020013_20220821_20220927_02_thumb_large.jpeg
s3://usgs-landsat-ard/collection02/oli-tirs/2022/CU/020/013/LC09_CU_020013_20220820_20230404_02/LC09_CU_020013_20220820_20230404_02_thumb_large.jpeg
s3://usgs-landsat-ard/collection02/oli-tirs/2022/CU/020/013/LC08_CU_020013_20220819_20220927_02/LC08_CU_020013_20220819_20220927_02_thumb_large.jpeg
s3://usgs-landsat-ard/collection02/oli-tirs/2022/CU/020/013/LC09_CU_020013_20220813_20230405_02/LC09_CU_020013_20220813_20230405_02_thumb_large.jpeg
s3://usgs-landsat-ard/collection02/oli-tirs/2022/CU/020/013/LC08_CU_020013_20220812_20220827_02/LC08_CU_020013_20220812_20220827_02_thumb_large.jpeg
s3://usgs-landsat-ard/collection02/oli-tirs/2022/CU/020/013/LC09_CU_020013_20220811_20230406_02/LC09_CU_020013_20220811_20230406_02_thumb_large.jpeg
s3://usgs-landsat-ard/collection02/oli-tirs/2022/CU/020/013/LC08_CU_020013_20220805_20220821_02/LC08_CU_020013_20220805_20220821_02_thumb_large.jpeg
s3://usgs-landsat-ard/collection02/oli-tirs/2022/CU/020/013/LC08_CU_020013_20220803_20220821_02/LC08_CU_020013_20220803_20220821_02_thumb_large.jpeg
s3://usgs-landsat-ard/collection02/oli-tirs/2022/CU/020/013/LC09_CU_020013_20220728_20230410_02/LC09_CU_020013_20220728_20230410_02_thumb_large.jpeg
s3://usgs-landsat-ard/collection02/oli-tirs/2022/CU/020/013/LC08_CU_020013_20220727_20220805_02/LC08_CU_020013_20220727_20220805_02_thumb_large.jpeg
s3://usgs-landsat-ard/collection02/oli-tirs/2022/CU/020/013/LC09_CU_020013_20220726_20230410_02/LC09_CU_020013_20220726_20230410_02_thumb_large.jpeg
s3://usgs-landsat-ard/collection02/oli-tirs/2022/CU/020/013/LC08_CU_020013_20220720_20220729_02/LC08_CU_020013_20220720_20220729_02_thumb_large.jpeg
s3://usgs-landsat-ard/collection02/oli-tirs/2022/CU/020/013/LC09_CU_020013_20220719_20230410_02/LC09_CU_020013_20220719_20230410_02_thumb_large.jpeg
s3://usgs-landsat-ard/collection02/oli-tirs/2022/CU/020/013/LC08_CU_020013_20220718_20220729_02/LC08_CU_020013_20220718_20220729_02_thumb_large.jpeg
s3://usgs-landsat-ard/collection02/oli-tirs/2022/CU/020/013/LC09_CU_020013_20220712_20230410_02/LC09_CU_020013_20220712_20230410_02_thumb_large.jpeg
s3://usgs-landsat-ard/collection02/oli-tirs/2022/CU/020/013/LC08_CU_020013_20220711_20220725_02/LC08_CU_020013_20220711_20220725_02_thumb_large.jpeg
s3://usgs-landsat-ard/collection02/oli-tirs/2022/CU/020/013/LC09_CU_020013_20220710_20230411_02/LC09_CU_020013_20220710_20230411_02_thumb_large.jpeg
s3://usgs-landsat-ard/collection02/oli-tirs/2022/CU/020/013/LC08_CU_020013_20220704_20220711_02/LC08_CU_020013_20220704_20220711_02_thumb_large.jpeg
s3://usgs-landsat-ard/collection02/oli-tirs/2022/CU/020/013/LC09_CU_020013_20220703_20230411_02/LC09_CU_020013_20220703_20230411_02_thumb_large.jpeg
s3://usgs-landsat-ard/collection02/oli-tirs/2022/CU/020/013/LC08_CU_020013_20220702_20220711_02/LC08_CU_020013_20220702_20220711_02_thumb_large.jpeg
s3://usgs-landsat-ard/collection02/oli-tirs/2022/CU/020/013/LC09_CU_020013_20220626_20230412_02/LC09_CU_020013_20220626_20230412_02_thumb_large.jpeg
s3://usgs-landsat-ard/collection02/oli-tirs/2022/CU/020/013/LC08_CU_020013_20220625_20220709_02/LC08_CU_020013_20220625_20220709_02_thumb_large.jpeg
s3://usgs-landsat-ard/collection02/oli-tirs/2022/CU/020/013/LC09_CU_020013_20220624_20230413_02/LC09_CU_020013_20220624_20230413_02_thumb_large.jpeg
s3://usgs-landsat-ard/collection02/oli-tirs/2022/CU/020/013/LC08_CU_020013_20220618_20220703_02/LC08_CU_020013_20220618_20220703_02_thumb_large.jpeg
s3://usgs-landsat-ard/collection02/oli-tirs/2022/CU/020/013/LC09_CU_020013_20220617_20230414_02/LC09_CU_020013_20220617_20230414_02_thumb_large.jpeg
s3://usgs-landsat-ard/collection02/oli-tirs/2022/CU/020/013/LC08_CU_020013_20220616_20220702_02/LC08_CU_020013_20220616_20220702_02_thumb_large.jpeg
s3://usgs-landsat-ard/collection02/oli-tirs/2022/CU/020/013/LC08_CU_020013_20220609_20220620_02/LC08_CU_020013_20220609_20220620_02_thumb_large.jpeg
s3://usgs-landsat-ard/collection02/oli-tirs/2022/CU/020/013/LC09_CU_020013_20220601_20230420_02/LC09_CU_020013_20220601_20230420_02_thumb_large.jpeg
s3://usgs-landsat-ard/collection02/oli-tirs/2022/CU/020/013/LC08_CU_020013_20220531_20220613_02/LC08_CU_020013_20220531_20220613_02_thumb_large.jpeg
s3://usgs-landsat-ard/collection02/oli-tirs/2022/CU/020/013/LC08_CU_020013_20220524_20220606_02/LC08_CU_020013_20220524_20220606_02_thumb_large.jpeg
s3://usgs-landsat-ard/collection02/oli-tirs/2022/CU/020/013/LC08_CU_020013_20220517_20220528_02/LC08_CU_020013_20220517_20220528_02_thumb_large.jpeg
s3://usgs-landsat-ard/collection02/oli-tirs/2022/CU/020/013/LC09_CU_020013_20220516_20230420_02/LC09_CU_020013_20220516_20230420_02_thumb_large.jpeg
s3://usgs-landsat-ard/collection02/oli-tirs/2022/CU/020/013/LC09_CU_020013_20220509_20230420_02/LC09_CU_020013_20220509_20230420_02_thumb_large.jpeg
s3://usgs-landsat-ard/collection02/oli-tirs/2022/CU/020/013/LC08_CU_020013_20220508_20220522_02/LC08_CU_020013_20220508_20220522_02_thumb_large.jpeg
s3://usgs-landsat-ard/collection02/oli-tirs/2022/CU/020/013/LC09_CU_020013_20220507_20230420_02/LC09_CU_020013_20220507_20230420_02_thumb_large.jpeg
s3://usgs-landsat-ard/collection02/oli-tirs/2022/CU/020/013/LC08_CU_020013_20220501_20220515_02/LC08_CU_020013_20220501_20220515_02_thumb_large.jpeg
s3://usgs-landsat-ard/collection02/oli-tirs/2022/CU/020/013/LC09_CU_020013_20220430_20230421_02/LC09_CU_020013_20220430_20230421_02_thumb_large.jpeg
s3://usgs-landsat-ard/collection02/oli-tirs/2022/CU/020/013/LC08_CU_020013_20220429_20220507_02/LC08_CU_020013_20220429_20220507_02_thumb_large.jpeg
s3://usgs-landsat-ard/collection02/oli-tirs/2022/CU/020/013/LC09_CU_020013_20220423_20230422_02/LC09_CU_020013_20220423_20230422_02_thumb_large.jpeg
s3://usgs-landsat-ard/collection02/oli-tirs/2022/CU/020/013/LC08_CU_020013_20220422_20220501_02/LC08_CU_020013_20220422_20220501_02_thumb_large.jpeg
s3://usgs-landsat-ard/collection02/oli-tirs/2022/CU/020/013/LC08_CU_020013_20220415_20220423_02/LC08_CU_020013_20220415_20220423_02_thumb_large.jpeg
s3://usgs-landsat-ard/collection02/oli-tirs/2022/CU/020/013/LC09_CU_020013_20220414_20230429_02/LC09_CU_020013_20220414_20230429_02_thumb_large.jpeg
s3://usgs-landsat-ard/collection02/oli-tirs/2022/CU/020/013/LC09_CU_020013_20220407_20230429_02/LC09_CU_020013_20220407_20230429_02_thumb_large.jpeg
s3://usgs-landsat-ard/collection02/oli-tirs/2022/CU/020/013/LC09_CU_020013_20220405_20230429_02/LC09_CU_020013_20220405_20230429_02_thumb_large.jpeg
s3://usgs-landsat-ard/collection02/etm/2022/CU/020/013/LE07_CU_020013_20220405_20220504_02/LE07_CU_020013_20220405_20220504_02_thumb_large.jpeg
s3://usgs-landsat-ard/collection02/oli-tirs/2022/CU/020/013/LC08_CU_020013_20220328_20220409_02/LC08_CU_020013_20220328_20220409_02_thumb_large.jpeg
s3://usgs-landsat-ard/collection02/oli-tirs/2022/CU/020/013/LC08_CU_020013_20220321_20220402_02/LC08_CU_020013_20220321_20220402_02_thumb_large.jpeg
s3://usgs-landsat-ard/collection02/oli-tirs/2022/CU/020/013/LC09_CU_020013_20220320_20230429_02/LC09_CU_020013_20220320_20230429_02_thumb_large.jpeg
s3://usgs-landsat-ard/collection02/etm/2022/CU/020/013/LE07_CU_020013_20220320_20220422_02/LE07_CU_020013_20220320_20220422_02_thumb_large.jpeg
s3://usgs-landsat-ard/collection02/oli-tirs/2022/CU/020/013/LC08_CU_020013_20220314_20220325_02/LC08_CU_020013_20220314_20220325_02_thumb_large.jpeg
s3://usgs-landsat-ard/collection02/etm/2022/CU/020/013/LE07_CU_020013_20220313_20220414_02/LE07_CU_020013_20220313_20220414_02_thumb_large.jpeg
s3://usgs-landsat-ard/collection02/oli-tirs/2022/CU/020/013/LC08_CU_020013_20220312_20220325_02/LC08_CU_020013_20220312_20220325_02_thumb_large.jpeg
s3://usgs-landsat-ard/collection02/oli-tirs/2022/CU/020/013/LC09_CU_020013_20220306_20230429_02/LC09_CU_020013_20220306_20230429_02_thumb_large.jpeg
s3://usgs-landsat-ard/collection02/etm/2022/CU/020/013/LE07_CU_020013_20220306_20220405_02/LE07_CU_020013_20220306_20220405_02_thumb_large.jpeg
s3://usgs-landsat-ard/collection02/oli-tirs/2022/CU/020/013/LC08_CU_020013_20220305_20220318_02/LC08_CU_020013_20220305_20220318_02_thumb_large.jpeg
s3://usgs-landsat-ard/collection02/oli-tirs/2022/CU/020/013/LC09_CU_020013_20220304_20230429_02/LC09_CU_020013_20220304_20230429_02_thumb_large.jpeg
s3://usgs-landsat-ard/collection02/etm/2022/CU/020/013/LE07_CU_020013_20220304_20220403_02/LE07_CU_020013_20220304_20220403_02_thumb_large.jpeg
s3://usgs-landsat-ard/collection02/oli-tirs/2022/CU/020/013/LC08_CU_020013_20220224_20220305_02/LC08_CU_020013_20220224_20220305_02_thumb_large.jpeg
s3://usgs-landsat-ard/collection02/oli-tirs/2022/CU/020/013/LC09_CU_020013_20220218_20230430_02/LC09_CU_020013_20220218_20230430_02_thumb_large.jpeg
s3://usgs-landsat-ard/collection02/etm/2022/CU/020/013/LE07_CU_020013_20220218_20220320_02/LE07_CU_020013_20220218_20220320_02_thumb_large.jpeg
s3://usgs-landsat-ard/collection02/oli-tirs/2022/CU/020/013/LC08_CU_020013_20220217_20220305_02/LC08_CU_020013_20220217_20220305_02_thumb_large.jpeg
s3://usgs-landsat-ard/collection02/oli-tirs/2022/CU/020/013/LC09_CU_020013_20220216_20230430_02/LC09_CU_020013_20220216_20230430_02_thumb_large.jpeg
s3://usgs-landsat-ard/collection02/etm/2022/CU/020/013/LE07_CU_020013_20220216_20220318_02/LE07_CU_020013_20220216_20220318_02_thumb_large.jpeg
s3://usgs-landsat-ard/collection02/oli-tirs/2022/CU/020/013/LC08_CU_020013_20220210_20220226_02/LC08_CU_020013_20220210_20220226_02_thumb_large.jpeg
s3://usgs-landsat-ard/collection02/oli-tirs/2022/CU/020/013/LC09_CU_020013_20220209_20230501_02/LC09_CU_020013_20220209_20230501_02_thumb_large.jpeg
s3://usgs-landsat-ard/collection02/etm/2022/CU/020/013/LE07_CU_020013_20220209_20220311_02/LE07_CU_020013_20220209_20220311_02_thumb_large.jpeg
s3://usgs-landsat-ard/collection02/oli-tirs/2022/CU/020/013/LC08_CU_020013_20220208_20220226_02/LC08_CU_020013_20220208_20220226_02_thumb_large.jpeg
s3://usgs-landsat-ard/collection02/oli-tirs/2022/CU/020/013/LC08_CU_020013_20220201_20220215_02/LC08_CU_020013_20220201_20220215_02_thumb_large.jpeg
s3://usgs-landsat-ard/collection02/oli-tirs/2022/CU/020/013/LC09_CU_020013_20220131_20230503_02/LC09_CU_020013_20220131_20230503_02_thumb_large.jpeg
s3://usgs-landsat-ard/collection02/etm/2022/CU/020/013/LE07_CU_020013_20220131_20220302_02/LE07_CU_020013_20220131_20220302_02_thumb_large.jpeg
s3://usgs-landsat-ard/collection02/oli-tirs/2022/CU/020/013/LC08_CU_020013_20220125_20220208_02/LC08_CU_020013_20220125_20220208_02_thumb_large.jpeg
s3://usgs-landsat-ard/collection02/oli-tirs/2022/CU/020/013/LC09_CU_020013_20220124_20230503_02/LC09_CU_020013_20220124_20230503_02_thumb_large.jpeg
s3://usgs-landsat-ard/collection02/etm/2022/CU/020/013/LE07_CU_020013_20220124_20220223_02/LE07_CU_020013_20220124_20220223_02_thumb_large.jpeg
s3://usgs-landsat-ard/collection02/oli-tirs/2022/CU/020/013/LC08_CU_020013_20220123_20220131_02/LC08_CU_020013_20220123_20220131_02_thumb_large.jpeg
s3://usgs-landsat-ard/collection02/oli-tirs/2022/CU/020/013/LC09_CU_020013_20220117_20230504_02/LC09_CU_020013_20220117_20230504_02_thumb_large.jpeg
s3://usgs-landsat-ard/collection02/etm/2022/CU/020/013/LE07_CU_020013_20220117_20220216_02/LE07_CU_020013_20220117_20220216_02_thumb_large.jpeg
s3://usgs-landsat-ard/collection02/oli-tirs/2022/CU/020/013/LC08_CU_020013_20220116_20220126_02/LC08_CU_020013_20220116_20220126_02_thumb_large.jpeg
s3://usgs-landsat-ard/collection02/oli-tirs/2022/CU/020/013/LC09_CU_020013_20220115_20230504_02/LC09_CU_020013_20220115_20230504_02_thumb_large.jpeg
s3://usgs-landsat-ard/collection02/oli-tirs/2022/CU/020/013/LC09_CU_020013_20220108_20230508_02/LC09_CU_020013_20220108_20230508_02_thumb_large.jpeg
s3://usgs-landsat-ard/collection02/etm/2022/CU/020/013/LE07_CU_020013_20220108_20220207_02/LE07_CU_020013_20220108_20220207_02_thumb_large.jpeg
s3://usgs-landsat-ard/collection02/oli-tirs/2022/CU/020/013/LC08_CU_020013_20220107_20220117_02/LC08_CU_020013_20220107_20220117_02_thumb_large.jpeg
s3://usgs-landsat-ard/collection02/oli-tirs/2022/CU/020/013/LC09_CU_020013_20220101_20230507_02/LC09_CU_020013_20220101_20230507_02_thumb_large.jpeg
s3://usgs-landsat-ard/collection02/etm/2022/CU/020/013/LE07_CU_020013_20220101_20220131_02/LE07_CU_020013_20220101_20220131_02_thumb_large.jpeg
s3://usgs-landsat-ard/collection02/oli-tirs/2022/CU/020/013/LC08_CU_020013_20221227_20230116_02/LC08_CU_020013_20221227_20230116_02_thumb_large.jpeg
. LC08_CU_020013_20221227_20230116_02_thumb_large.jpeg
. LC08_CU_020013_20221227_20230116_02_thumb_large.jpeg
. LC08_CU_020013_20221225_20230116_02_thumb_large.jpeg
. LC08_CU_020013_20221218_20221231_02_thumb_large.jpeg
. LC09_CU_020013_20221217_20230320_02_thumb_large.jpeg
. LC08_CU_020013_20221209_20221223_02_thumb_large.jpeg
. LC09_CU_020013_20221203_20230322_02_thumb_large.jpeg
. LC08_CU_020013_20221202_20221216_02_thumb_large.jpeg
. LC09_CU_020013_20221201_20230323_02_thumb_large.jpeg
. LC08_CU_020013_20221125_20221209_02_thumb_large.jpeg
. LC08_CU_020013_20221123_20221209_02_thumb_large.jpeg
. LC09_CU_020013_20221117_20230325_02_thumb_large.jpeg
. LC08_CU_020013_20221116_20221202_02_thumb_large.jpeg
. LC09_CU_020013_20221115_20230325_02_thumb_large.jpeg
. LC08_CU_020013_20221109_20221125_02_thumb_large.jpeg
. LC09_CU_020013_20221108_20230325_02_thumb_large.jpeg
. LC09_CU_020013_20221101_20230326_02_thumb_large.jpeg
. LC08_CU_020013_20221031_20221111_02_thumb_large.jpeg
. LC09_CU_020013_20221030_20230326_02_thumb_large.jpeg
. LC08_CU_020013_20221024_20221111_02_thumb_large.jpeg
. LC09_CU_020013_20221023_20230328_02_thumb_large.jpeg
. LC08_CU_020013_20221022_20221104_02_thumb_large.jpeg
. LC08_CU_020013_20221015_20221024_02_thumb_large.jpeg
. LC09_CU_020013_20221014_20230329_02_thumb_large.jpeg
. LC08_CU_020013_20221008_20221016_02_thumb_large.jpeg
. LC09_CU_020013_20221007_20230329_02_thumb_large.jpeg
. LC08_CU_020013_20221006_20221016_02_thumb_large.jpeg
. LC09_CU_020013_20220930_20230330_02_thumb_large.jpeg
. LC08_CU_020013_20220929_20221008_02_thumb_large.jpeg
. LC09_CU_020013_20220928_20230330_02_thumb_large.jpeg
. LC08_CU_020013_20220922_20221002_02_thumb_large.jpeg
. LC09_CU_020013_20220921_20230331_02_thumb_large.jpeg
. LC08_CU_020013_20220920_20221002_02_thumb_large.jpeg
. LC09_CU_020013_20220914_20230401_02_thumb_large.jpeg
. LC09_CU_020013_20220912_20230401_02_thumb_large.jpeg
. LC08_CU_020013_20220906_20220917_02_thumb_large.jpeg
. LC09_CU_020013_20220905_20230402_02_thumb_large.jpeg
. LC08_CU_020013_20220904_20220917_02_thumb_large.jpeg
. LC09_CU_020013_20220829_20230403_02_thumb_large.jpeg
. LC08_CU_020013_20220828_20220913_02_thumb_large.jpeg
. LC09_CU_020013_20220827_20230404_02_thumb_large.jpeg
. LC08_CU_020013_20220821_20220927_02_thumb_large.jpeg
. LC09_CU_020013_20220820_20230404_02_thumb_large.jpeg
. LC08_CU_020013_20220819_20220927_02_thumb_large.jpeg
. LC09_CU_020013_20220813_20230405_02_thumb_large.jpeg
. LC08_CU_020013_20220812_20220827_02_thumb_large.jpeg
. LC09_CU_020013_20220811_20230406_02_thumb_large.jpeg
. LC08_CU_020013_20220805_20220821_02_thumb_large.jpeg
. LC08_CU_020013_20220803_20220821_02_thumb_large.jpeg
. LC09_CU_020013_20220728_20230410_02_thumb_large.jpeg
. LC08_CU_020013_20220727_20220805_02_thumb_large.jpeg
. LC09_CU_020013_20220726_20230410_02_thumb_large.jpeg
. LC08_CU_020013_20220720_20220729_02_thumb_large.jpeg
. LC09_CU_020013_20220719_20230410_02_thumb_large.jpeg
. LC08_CU_020013_20220718_20220729_02_thumb_large.jpeg
. LC09_CU_020013_20220712_20230410_02_thumb_large.jpeg
. LC08_CU_020013_20220711_20220725_02_thumb_large.jpeg
. LC09_CU_020013_20220710_20230411_02_thumb_large.jpeg
. LC08_CU_020013_20220704_20220711_02_thumb_large.jpeg
. LC09_CU_020013_20220703_20230411_02_thumb_large.jpeg
. LC08_CU_020013_20220702_20220711_02_thumb_large.jpeg
. LC09_CU_020013_20220626_20230412_02_thumb_large.jpeg
. LC08_CU_020013_20220625_20220709_02_thumb_large.jpeg
. LC09_CU_020013_20220624_20230413_02_thumb_large.jpeg
. LC08_CU_020013_20220618_20220703_02_thumb_large.jpeg
. LC09_CU_020013_20220617_20230414_02_thumb_large.jpeg
. LC08_CU_020013_20220616_20220702_02_thumb_large.jpeg
. LC08_CU_020013_20220609_20220620_02_thumb_large.jpeg
. LC09_CU_020013_20220601_20230420_02_thumb_large.jpeg
. LC08_CU_020013_20220531_20220613_02_thumb_large.jpeg
. LC08_CU_020013_20220524_20220606_02_thumb_large.jpeg
. LC08_CU_020013_20220517_20220528_02_thumb_large.jpeg
. LC09_CU_020013_20220516_20230420_02_thumb_large.jpeg
. LC09_CU_020013_20220509_20230420_02_thumb_large.jpeg
. LC08_CU_020013_20220508_20220522_02_thumb_large.jpeg
. LC09_CU_020013_20220507_20230420_02_thumb_large.jpeg
. LC08_CU_020013_20220501_20220515_02_thumb_large.jpeg
. LC09_CU_020013_20220430_20230421_02_thumb_large.jpeg
. LC08_CU_020013_20220429_20220507_02_thumb_large.jpeg
. LC09_CU_020013_20220423_20230422_02_thumb_large.jpeg
. LC08_CU_020013_20220422_20220501_02_thumb_large.jpeg
. LC08_CU_020013_20220415_20220423_02_thumb_large.jpeg
. LC09_CU_020013_20220414_20230429_02_thumb_large.jpeg
. LC09_CU_020013_20220407_20230429_02_thumb_large.jpeg
. LC09_CU_020013_20220405_20230429_02_thumb_large.jpeg
. LE07_CU_020013_20220405_20220504_02_thumb_large.jpeg
. LC08_CU_020013_20220328_20220409_02_thumb_large.jpeg
. LC08_CU_020013_20220321_20220402_02_thumb_large.jpeg
. LC09_CU_020013_20220320_20230429_02_thumb_large.jpeg
. LE07_CU_020013_20220320_20220422_02_thumb_large.jpeg
. LC08_CU_020013_20220314_20220325_02_thumb_large.jpeg
. LE07_CU_020013_20220313_20220414_02_thumb_large.jpeg
. LC08_CU_020013_20220312_20220325_02_thumb_large.jpeg
. LC09_CU_020013_20220306_20230429_02_thumb_large.jpeg
. LE07_CU_020013_20220306_20220405_02_thumb_large.jpeg
. LC08_CU_020013_20220305_20220318_02_thumb_large.jpeg
. LC09_CU_020013_20220304_20230429_02_thumb_large.jpeg
. LE07_CU_020013_20220304_20220403_02_thumb_large.jpeg
. LC08_CU_020013_20220224_20220305_02_thumb_large.jpeg
. LC09_CU_020013_20220218_20230430_02_thumb_large.jpeg
. LE07_CU_020013_20220218_20220320_02_thumb_large.jpeg
. LC08_CU_020013_20220217_20220305_02_thumb_large.jpeg
. LC09_CU_020013_20220216_20230430_02_thumb_large.jpeg
. LE07_CU_020013_20220216_20220318_02_thumb_large.jpeg
. LC08_CU_020013_20220210_20220226_02_thumb_large.jpeg
. LC09_CU_020013_20220209_20230501_02_thumb_large.jpeg
. LE07_CU_020013_20220209_20220311_02_thumb_large.jpeg
. LC08_CU_020013_20220208_20220226_02_thumb_large.jpeg
. LC08_CU_020013_20220201_20220215_02_thumb_large.jpeg
. LC09_CU_020013_20220131_20230503_02_thumb_large.jpeg
. LE07_CU_020013_20220131_20220302_02_thumb_large.jpeg
. LC08_CU_020013_20220125_20220208_02_thumb_large.jpeg
. LC09_CU_020013_20220124_20230503_02_thumb_large.jpeg
. LE07_CU_020013_20220124_20220223_02_thumb_large.jpeg
. LC08_CU_020013_20220123_20220131_02_thumb_large.jpeg
. LC09_CU_020013_20220117_20230504_02_thumb_large.jpeg
. LE07_CU_020013_20220117_20220216_02_thumb_large.jpeg
. LC08_CU_020013_20220116_20220126_02_thumb_large.jpeg
. LC09_CU_020013_20220115_20230504_02_thumb_large.jpeg
. LC09_CU_020013_20220108_20230508_02_thumb_large.jpeg
. LE07_CU_020013_20220108_20220207_02_thumb_large.jpeg
. LC08_CU_020013_20220107_20220117_02_thumb_large.jpeg
. LC09_CU_020013_20220101_20230507_02_thumb_large.jpeg
. LE07_CU_020013_20220101_20220131_02_thumb_large.jpeg
/wspcefs/opt/tony/browse_20_13/LC08_CU_020013_20221125_20221209_02_thumb_large.jpeg
/wspcefs/opt/tony/browse_20_13/LC09_CU_020013_20221023_20230328_02_thumb_large.jpeg
/wspcefs/opt/tony/browse_20_13/LC09_CU_020013_20220914_20230401_02_thumb_large.jpeg
/wspcefs/opt/tony/browse_20_13/LC09_CU_020013_20220921_20230331_02_thumb_large.jpeg
/wspcefs/opt/tony/browse_20_13/LC08_CU_020013_20221227_20230116_02_thumb_large.jpeg
/wspcefs/opt/tony/browse_20_13/LC08_CU_020013_20220929_20221008_02_thumb_large.jpeg
/wspcefs/opt/tony/browse_20_13/LC08_CU_020013_20220625_20220709_02_thumb_large.jpeg
/wspcefs/opt/tony/browse_20_13/LC08_CU_020013_20220821_20220927_02_thumb_large.jpeg
/wspcefs/opt/tony/browse_20_13/LC08_CU_020013_20220210_20220226_02_thumb_large.jpeg
/wspcefs/opt/tony/browse_20_13/LC08_CU_020013_20220727_20220805_02_thumb_large.jpeg
/wspcefs/opt/tony/browse_20_13/LC08_CU_020013_20221031_20221111_02_thumb_large.jpeg
/wspcefs/opt/tony/browse_20_13/LC09_CU_020013_20220617_20230414_02_thumb_large.jpeg
/wspcefs/opt/tony/browse_20_13/LC08_CU_020013_20220618_20220703_02_thumb_large.jpeg
/wspcefs/opt/tony/browse_20_13/LE07_CU_020013_20220218_20220320_02_thumb_large.jpeg
/wspcefs/opt/tony/browse_20_13/LC08_CU_020013_20221008_20221016_02_thumb_large.jpeg
/wspcefs/opt/tony/browse_20_13/LC09_CU_020013_20221030_20230326_02_thumb_large.jpeg
/wspcefs/opt/tony/browse_20_13/LC09_CU_020013_20220712_20230410_02_thumb_large.jpeg
/wspcefs/opt/tony/browse_20_13/LE07_CU_020013_20220209_20220311_02_thumb_large.jpeg
/wspcefs/opt/tony/browse_20_13/LC08_CU_020013_20220107_20220117_02_thumb_large.jpeg
/wspcefs/opt/tony/browse_20_13/LC09_CU_020013_20220124_20230503_02_thumb_large.jpeg
/wspcefs/opt/tony/browse_20_13/LC08_CU_020013_20220501_20220515_02_thumb_large.jpeg
/wspcefs/opt/tony/browse_20_13/LE07_CU_020013_20220313_20220414_02_thumb_large.jpeg
/wspcefs/opt/tony/browse_20_13/LC08_CU_020013_20220116_20220126_02_thumb_large.jpeg
/wspcefs/opt/tony/browse_20_13/LC08_CU_020013_20220524_20220606_02_thumb_large.jpeg
/wspcefs/opt/tony/browse_20_13/LC08_CU_020013_20220609_20220620_02_thumb_large.jpeg
/wspcefs/opt/tony/browse_20_13/LC09_CU_020013_20220813_20230405_02_thumb_large.jpeg
/wspcefs/opt/tony/browse_20_13/LC09_CU_020013_20220626_20230412_02_thumb_large.jpeg
/wspcefs/opt/tony/browse_20_13/LC08_CU_020013_20220711_20220725_02_thumb_large.jpeg
/wspcefs/opt/tony/browse_20_13/LC08_CU_020013_20220828_20220913_02_thumb_large.jpeg
/wspcefs/opt/tony/browse_20_13/LC09_CU_020013_20220131_20230503_02_thumb_large.jpeg
/wspcefs/opt/tony/browse_20_13/LC08_CU_020013_20221202_20221216_02_thumb_large.jpeg
/wspcefs/opt/tony/browse_20_13/LC08_CU_020013_20221006_20221016_02_thumb_large.jpeg
/wspcefs/opt/tony/browse_20_13/LE07_CU_020013_20220124_20220223_02_thumb_large.jpeg
/wspcefs/opt/tony/browse_20_13/LE07_CU_020013_20220304_20220403_02_thumb_large.jpeg
/wspcefs/opt/tony/browse_20_13/LC09_CU_020013_20220601_20230420_02_thumb_large.jpeg
/wspcefs/opt/tony/browse_20_13/LC09_CU_020013_20221203_20230322_02_thumb_large.jpeg
/wspcefs/opt/tony/browse_20_13/LE07_CU_020013_20220131_20220302_02_thumb_large.jpeg
/wspcefs/opt/tony/browse_20_13/LC08_CU_020013_20220429_20220507_02_thumb_large.jpeg
/wspcefs/opt/tony/browse_20_13/LC08_CU_020013_20220201_20220215_02_thumb_large.jpeg
/wspcefs/opt/tony/browse_20_13/LC09_CU_020013_20220827_20230404_02_thumb_large.jpeg
/wspcefs/opt/tony/browse_20_13/LC08_CU_020013_20221024_20221111_02_thumb_large.jpeg
/wspcefs/opt/tony/browse_20_13/LC08_CU_020013_20220720_20220729_02_thumb_large.jpeg
/wspcefs/opt/tony/browse_20_13/LC09_CU_020013_20220928_20230330_02_thumb_large.jpeg
/wspcefs/opt/tony/browse_20_13/LC08_CU_020013_20220123_20220131_02_thumb_large.jpeg
/wspcefs/opt/tony/browse_20_13/LC08_CU_020013_20221022_20221104_02_thumb_large.jpeg
/wspcefs/opt/tony/browse_20_13/LC08_CU_020013_20221225_20230116_02_thumb_large.jpeg
/wspcefs/opt/tony/browse_20_13/LC08_CU_020013_20221218_20221231_02_thumb_large.jpeg
/wspcefs/opt/tony/browse_20_13/LE07_CU_020013_20220117_20220216_02_thumb_large.jpeg
/wspcefs/opt/tony/browse_20_13/LC09_CU_020013_20220209_20230501_02_thumb_large.jpeg
/wspcefs/opt/tony/browse_20_13/LC08_CU_020013_20220415_20220423_02_thumb_large.jpeg
/wspcefs/opt/tony/browse_20_13/LC08_CU_020013_20221123_20221209_02_thumb_large.jpeg
/wspcefs/opt/tony/browse_20_13/LC09_CU_020013_20220423_20230422_02_thumb_large.jpeg
/wspcefs/opt/tony/browse_20_13/LC08_CU_020013_20220531_20220613_02_thumb_large.jpeg
/wspcefs/opt/tony/browse_20_13/LE07_CU_020013_20220405_20220504_02_thumb_large.jpeg
/wspcefs/opt/tony/browse_20_13/LE07_CU_020013_20220306_20220405_02_thumb_large.jpeg
/wspcefs/opt/tony/browse_20_13/LC09_CU_020013_20220912_20230401_02_thumb_large.jpeg
/wspcefs/opt/tony/browse_20_13/LE07_CU_020013_20220108_20220207_02_thumb_large.jpeg
/wspcefs/opt/tony/browse_20_13/LC08_CU_020013_20220508_20220522_02_thumb_large.jpeg
/wspcefs/opt/tony/browse_20_13/LC09_CU_020013_20220811_20230406_02_thumb_large.jpeg
/wspcefs/opt/tony/browse_20_13/LC09_CU_020013_20220624_20230413_02_thumb_large.jpeg
/wspcefs/opt/tony/browse_20_13/LC09_CU_020013_20220320_20230429_02_thumb_large.jpeg
/wspcefs/opt/tony/browse_20_13/LC09_CU_020013_20221108_20230325_02_thumb_large.jpeg
/wspcefs/opt/tony/browse_20_13/LE07_CU_020013_20220216_20220318_02_thumb_large.jpeg
/wspcefs/opt/tony/browse_20_13/LC08_CU_020013_20220803_20220821_02_thumb_large.jpeg
/wspcefs/opt/tony/browse_20_13/LC09_CU_020013_20220726_20230410_02_thumb_large.jpeg
/wspcefs/opt/tony/browse_20_13/LC08_CU_020013_20220616_20220702_02_thumb_large.jpeg
/wspcefs/opt/tony/browse_20_13/LC09_CU_020013_20220905_20230402_02_thumb_large.jpeg
/wspcefs/opt/tony/browse_20_13/LC09_CU_020013_20221117_20230325_02_thumb_large.jpeg
/wspcefs/opt/tony/browse_20_13/LC09_CU_020013_20221014_20230329_02_thumb_large.jpeg
/wspcefs/opt/tony/browse_20_13/LC09_CU_020013_20220509_20230420_02_thumb_large.jpeg
/wspcefs/opt/tony/browse_20_13/LC08_CU_020013_20220422_20220501_02_thumb_large.jpeg
/wspcefs/opt/tony/browse_20_13/LC08_CU_020013_20221015_20221024_02_thumb_large.jpeg
/wspcefs/opt/tony/browse_20_13/LC08_CU_020013_20221116_20221202_02_thumb_large.jpeg
/wspcefs/opt/tony/browse_20_13/LC08_CU_020013_20220920_20221002_02_thumb_large.jpeg
/wspcefs/opt/tony/browse_20_13/LE07_CU_020013_20220320_20220422_02_thumb_large.jpeg
/wspcefs/opt/tony/browse_20_13/LC09_CU_020013_20221201_20230323_02_thumb_large.jpeg
/wspcefs/opt/tony/browse_20_13/LC08_CU_020013_20220904_20220917_02_thumb_large.jpeg
/wspcefs/opt/tony/browse_20_13/LC09_CU_020013_20220405_20230429_02_thumb_large.jpeg
/wspcefs/opt/tony/browse_20_13/LC08_CU_020013_20220328_20220409_02_thumb_large.jpeg
/wspcefs/opt/tony/browse_20_13/LC09_CU_020013_20220306_20230429_02_thumb_large.jpeg
/wspcefs/opt/tony/browse_20_13/LC09_CU_020013_20220414_20230429_02_thumb_large.jpeg
/wspcefs/opt/tony/browse_20_13/LC09_CU_020013_20220115_20230504_02_thumb_large.jpeg
/wspcefs/opt/tony/browse_20_13/LC08_CU_020013_20220718_20220729_02_thumb_large.jpeg
/wspcefs/opt/tony/browse_20_13/LC08_CU_020013_20220125_20220208_02_thumb_large.jpeg
/wspcefs/opt/tony/browse_20_13/LC08_CU_020013_20220702_20220711_02_thumb_large.jpeg
/wspcefs/opt/tony/browse_20_13/LC08_CU_020013_20220217_20220305_02_thumb_large.jpeg
/wspcefs/opt/tony/browse_20_13/LC09_CU_020013_20220216_20230430_02_thumb_large.jpeg
/wspcefs/opt/tony/browse_20_13/LC09_CU_020013_20220703_20230411_02_thumb_large.jpeg
/wspcefs/opt/tony/browse_20_13/LC08_CU_020013_20220314_20220325_02_thumb_large.jpeg
/wspcefs/opt/tony/browse_20_13/LC09_CU_020013_20221217_20230320_02_thumb_large.jpeg
/wspcefs/opt/tony/browse_20_13/LC09_CU_020013_20221007_20230329_02_thumb_large.jpeg
/wspcefs/opt/tony/browse_20_13/LC08_CU_020013_20220805_20220821_02_thumb_large.jpeg
/wspcefs/opt/tony/browse_20_13/LC09_CU_020013_20220304_20230429_02_thumb_large.jpeg
/wspcefs/opt/tony/browse_20_13/LC09_CU_020013_20220108_20230508_02_thumb_large.jpeg
/wspcefs/opt/tony/browse_20_13/LC09_CU_020013_20220719_20230410_02_thumb_large.jpeg
/wspcefs/opt/tony/browse_20_13/LE07_CU_020013_20220101_20220131_02_thumb_large.jpeg
/wspcefs/opt/tony/browse_20_13/LC09_CU_020013_20220728_20230410_02_thumb_large.jpeg
/wspcefs/opt/tony/browse_20_13/LC08_CU_020013_20220224_20220305_02_thumb_large.jpeg
/wspcefs/opt/tony/browse_20_13/LC09_CU_020013_20220430_20230421_02_thumb_large.jpeg
/wspcefs/opt/tony/browse_20_13/LC08_CU_020013_20220922_20221002_02_thumb_large.jpeg
/wspcefs/opt/tony/browse_20_13/LC09_CU_020013_20221101_20230326_02_thumb_large.jpeg
/wspcefs/opt/tony/browse_20_13/LC09_CU_020013_20220710_20230411_02_thumb_large.jpeg
/wspcefs/opt/tony/browse_20_13/LC09_CU_020013_20220101_20230507_02_thumb_large.jpeg
/wspcefs/opt/tony/browse_20_13/LC08_CU_020013_20220312_20220325_02_thumb_large.jpeg
/wspcefs/opt/tony/browse_20_13/LC08_CU_020013_20220906_20220917_02_thumb_large.jpeg
/wspcefs/opt/tony/browse_20_13/LC09_CU_020013_20220829_20230403_02_thumb_large.jpeg
/wspcefs/opt/tony/browse_20_13/LC09_CU_020013_20220407_20230429_02_thumb_large.jpeg
/wspcefs/opt/tony/browse_20_13/LC08_CU_020013_20220321_20220402_02_thumb_large.jpeg
/wspcefs/opt/tony/browse_20_13/LC08_CU_020013_20220517_20220528_02_thumb_large.jpeg
/wspcefs/opt/tony/browse_20_13/LC08_CU_020013_20220812_20220827_02_thumb_large.jpeg
/wspcefs/opt/tony/browse_20_13/LC08_CU_020013_20220208_20220226_02_thumb_large.jpeg
/wspcefs/opt/tony/browse_20_13/LC09_CU_020013_20220820_20230404_02_thumb_large.jpeg
/wspcefs/opt/tony/browse_20_13/LC08_CU_020013_20221209_20221223_02_thumb_large.jpeg
/wspcefs/opt/tony/browse_20_13/LC08_CU_020013_20220819_20220927_02_thumb_large.jpeg
/wspcefs/opt/tony/browse_20_13/LC09_CU_020013_20220507_20230420_02_thumb_large.jpeg
/wspcefs/opt/tony/browse_20_13/LC08_CU_020013_20220704_20220711_02_thumb_large.jpeg
/wspcefs/opt/tony/browse_20_13/LC09_CU_020013_20221115_20230325_02_thumb_large.jpeg
/wspcefs/opt/tony/browse_20_13/LC09_CU_020013_20220117_20230504_02_thumb_large.jpeg
/wspcefs/opt/tony/browse_20_13/LC09_CU_020013_20220930_20230330_02_thumb_large.jpeg
/wspcefs/opt/tony/browse_20_13/LC08_CU_020013_20220305_20220318_02_thumb_large.jpeg
/wspcefs/opt/tony/browse_20_13/LC09_CU_020013_20220516_20230420_02_thumb_large.jpeg
/wspcefs/opt/tony/browse_20_13/LC08_CU_020013_20221109_20221125_02_thumb_large.jpeg
/wspcefs/opt/tony/browse_20_13/LC09_CU_020013_20220218_20230430_02_thumb_large.jpeg
Building the animation ...
SUCCESS /wspcefs/opt/tony/animations/2022_20_13.gif created!
